#
# There is insufficient memory for the Java Runtime Environment to continue.
# Native memory allocation (mmap) failed to map 166723584 bytes for Failed to commit area from 0x0000000094100000 to 0x000000009e000000 of length 166723584.
# Possible reasons:
#   The system is out of physical RAM or swap space
#   The process is running with CompressedOops enabled, and the Java Heap may be blocking the growth of the native heap
# Possible solutions:
#   Reduce memory load on the system
#   Increase physical memory or swap space
#   Check if swap backing store is full
#   Decrease Java heap size (-Xmx/-Xms)
#   Decrease number of Java threads
#   Decrease Java thread stack sizes (-Xss)
#   Set larger code cache with -XX:ReservedCodeCacheSize=
#   JVM is running with Unscaled Compressed Oops mode in which the Java heap is
#     placed in the first 4GB address space. The Java Heap base address is the
#     maximum limit for the native heap growth. Please use -XX:HeapBaseMinAddress
#     to set the Java Heap base and to place the Java Heap above 4GB virtual address.
# This output file may be truncated or incomplete.
#
#  Out of Memory Error (./src/hotspot/os/windows/os_windows.cpp:3521), pid=11064, tid=27144
#
# JRE version: OpenJDK Runtime Environment (11.0.12+7) (build 11.0.12+7-b1504.28-7817840)
# Java VM: OpenJDK 64-Bit Server VM (11.0.12+7-b1504.28-7817840, mixed mode, tiered, compressed oops, g1 gc, windows-amd64)
# No core dump will be written. Minidumps are not enabled by default on client versions of Windows
#

---------------  S U M M A R Y ------------

Command Line: --add-opens=java.base/java.util=ALL-UNNAMED --add-opens=java.base/java.lang=ALL-UNNAMED --add-opens=java.base/java.lang.invoke=ALL-UNNAMED --add-opens=java.base/java.util=ALL-UNNAMED --add-opens=java.prefs/java.util.prefs=ALL-UNNAMED --add-opens=java.prefs/java.util.prefs=ALL-UNNAMED --add-opens=java.base/java.nio.charset=ALL-UNNAMED --add-opens=java.base/java.net=ALL-UNNAMED --add-opens=java.base/java.util.concurrent.atomic=ALL-UNNAMED -Xmx2048m -Dfile.encoding=UTF-8 -Duser.country=US -Duser.language=en -Duser.variant org.gradle.launcher.daemon.bootstrap.GradleDaemon 7.3.3

Host: Intel(R) Core(TM) i5-7200U CPU @ 2.50GHz, 4 cores, 7G,  Windows 10 , 64 bit Build 22000 (10.0.22000.675)
Time: Fri May 20 09:07:54 2022 SE Asia Standard Time elapsed time: 4413.842843 seconds (0d 1h 13m 33s)

---------------  T H R E A D  ---------------

Current thread (0x000001e8f90aa000):  VMThread "VM Thread" [stack: 0x00000008f6c00000,0x00000008f6d00000] [id=27144]

Stack: [0x00000008f6c00000,0x00000008f6d00000]
[error occurred during error reporting (printing stack bounds), id 0xc0000005, EXCEPTION_ACCESS_VIOLATION (0xc0000005) at pc=0x000001e88000112d]

Native frames: (J=compiled Java code, j=interpreted, Vv=VM code, C=native code)
V  [jvm.dll+0x5fbcea]
V  [jvm.dll+0x731905]
V  [jvm.dll+0x732f1d]
V  [jvm.dll+0x733535]
V  [jvm.dll+0x7334eb]
V  [jvm.dll+0x5fb080]
V  [jvm.dll+0x5fb818]
C  [ntdll.dll+0xa8e4f]
C  [ntdll.dll+0x35e9a]
C  [ntdll.dll+0xa7e5e]
C  0x000001e88000112d

VM_Operation (0x00000008fdefd900): G1CollectForAllocation, mode: safepoint, requested by thread 0x000001e892d90000


---------------  P R O C E S S  ---------------

Threads class SMR info:
_java_thread_list=0x000001e89a974810, length=111, elements={
0x000001e8ee4be000, 0x000001e8f90af800, 0x000001e8f90b2800, 0x000001e8f9a42800,
0x000001e8f90cf800, 0x000001e8f90d0000, 0x000001e8f90d2000, 0x000001e8f9a7c000,
0x000001e8f9a83000, 0x000001e8f9b6d000, 0x000001e8fba8e800, 0x000001e8fc648800,
0x000001e8fa6bd800, 0x000001e8fb566800, 0x000001e8fb56b000, 0x000001e8fb56d000,
0x000001e8fb567000, 0x000001e8fb569800, 0x000001e8fa895000, 0x000001e8fa895800,
0x000001e8fa896800, 0x000001e8fa89b800, 0x000001e8fa89c800, 0x000001e8fa7c1800,
0x000001e8fa7c0000, 0x000001e8fa7c5000, 0x000001e8fa7ca000, 0x000001e8fa7c9000,
0x000001e8fee56000, 0x000001e8fee54800, 0x000001e893020000, 0x000001e8fa7be800,
0x000001e8fa8a0800, 0x000001e8fa89a800, 0x000001e8fa7bc800, 0x000001e893025000,
0x000001e8fb56c000, 0x000001e8fa7bb000, 0x000001e8fa7c3000, 0x000001e8fa7bd800,
0x000001e8fee60800, 0x000001e8fee55000, 0x000001e8fee5b800, 0x000001e8fee5c800,
0x000001e8fee5b000, 0x000001e8fee58800, 0x000001e8fee57000, 0x000001e8fee59800,
0x000001e8fee5d800, 0x000001e8fee57800, 0x000001e8fee5e000, 0x000001e8fee62800,
0x000001e8fee61800, 0x000001e8fee63000, 0x000001e8fee5f000, 0x000001e8fee60000,
0x000001e893448800, 0x000001e89344a800, 0x000001e893449800, 0x000001e89344b000,
0x000001e893446000, 0x000001e89344c000, 0x000001e89344c800, 0x000001e893447000,
0x000001e893451000, 0x000001e89344f000, 0x000001e893450000, 0x000001e89344e800,
0x000001e893451800, 0x000001e893452800, 0x000001e893453800, 0x000001e89344d800,
0x000001e893454000, 0x000001e893455000, 0x000001e89301a800, 0x000001e89301f800,
0x000001e89301b800, 0x000001e893019800, 0x000001e893022000, 0x000001e893021000,
0x000001e89301e000, 0x000001e89301e800, 0x000001e89301c000, 0x000001e893022800,
0x000001e89301d000, 0x000001e893026000, 0x000001e893023800, 0x000001e893027000,
0x000001e893024800, 0x000001e893027800, 0x000001e893028800, 0x000001e8fa899000,
0x000001e8fa893800, 0x000001e8fa89e800, 0x000001e8fa89e000, 0x000001e8fa89f800,
0x000001e8fa89a000, 0x000001e8fa7bf000, 0x000001e8fa7c6800, 0x000001e8fa7c5800,
0x000001e8fa7c8000, 0x000001e8fb568000, 0x000001e8fa7c2800, 0x000001e8fa89d000,
0x000001e892d8e800, 0x000001e892d8f800, 0x000001e892d91800, 0x000001e892d92800,
0x000001e892d90000, 0x000001e892d8d800, 0x000001e892d91000
}

Java Threads: ( => current thread )
  0x000001e8ee4be000 JavaThread "main" [_thread_blocked, id=56548, stack(0x00000008f6600000,0x00000008f6700000)]
  0x000001e8f90af800 JavaThread "Reference Handler" daemon [_thread_blocked, id=38740, stack(0x00000008f6d00000,0x00000008f6e00000)]
  0x000001e8f90b2800 JavaThread "Finalizer" daemon [_thread_blocked, id=59144, stack(0x00000008f6e00000,0x00000008f6f00000)]
  0x000001e8f9a42800 JavaThread "Signal Dispatcher" daemon [_thread_blocked, id=38160, stack(0x00000008f6f00000,0x00000008f7000000)]
  0x000001e8f90cf800 JavaThread "Attach Listener" daemon [_thread_blocked, id=31300, stack(0x00000008f7000000,0x00000008f7100000)]
  0x000001e8f90d0000 JavaThread "Service Thread" daemon [_thread_blocked, id=49820, stack(0x00000008f7100000,0x00000008f7200000)]
  0x000001e8f90d2000 JavaThread "C2 CompilerThread0" daemon [_thread_blocked, id=32956, stack(0x00000008f7200000,0x00000008f7300000)]
  0x000001e8f9a7c000 JavaThread "C1 CompilerThread0" daemon [_thread_blocked, id=19028, stack(0x00000008f7300000,0x00000008f7400000)]
  0x000001e8f9a83000 JavaThread "Sweeper thread" daemon [_thread_blocked, id=65440, stack(0x00000008f7400000,0x00000008f7500000)]
  0x000001e8f9b6d000 JavaThread "Common-Cleaner" daemon [_thread_blocked, id=51772, stack(0x00000008f7500000,0x00000008f7600000)]
  0x000001e8fba8e800 JavaThread "Daemon health stats" [_thread_blocked, id=32392, stack(0x00000008f7a00000,0x00000008f7b00000)]
  0x000001e8fc648800 JavaThread "Incoming local TCP Connector on port 65392" [_thread_in_native, id=10164, stack(0x00000008f7700000,0x00000008f7800000)]
  0x000001e8fa6bd800 JavaThread "Daemon periodic checks" [_thread_blocked, id=32572, stack(0x00000008f7b00000,0x00000008f7c00000)]
  0x000001e8fb566800 JavaThread "Cache worker for journal cache (C:\Users\villa\.gradle\caches\journal-1)" [_thread_blocked, id=10080, stack(0x00000008f8400000,0x00000008f8500000)]
  0x000001e8fb56b000 JavaThread "File lock request listener" [_thread_in_native, id=40948, stack(0x00000008f8500000,0x00000008f8600000)]
  0x000001e8fb56d000 JavaThread "Cache worker for file hash cache (C:\Users\villa\.gradle\caches\7.3.3\fileHashes)" [_thread_blocked, id=16616, stack(0x00000008f8600000,0x00000008f8700000)]
  0x000001e8fb567000 JavaThread "File watcher server" daemon [_thread_blocked, id=65684, stack(0x00000008f8900000,0x00000008f8a00000)]
  0x000001e8fb569800 JavaThread "File watcher consumer" daemon [_thread_blocked, id=64520, stack(0x00000008f8a00000,0x00000008f8b00000)]
  0x000001e8fa895000 JavaThread "Cache worker for execution history cache (C:\Users\villa\.gradle\caches\7.3.3\executionHistory)" [_thread_blocked, id=19860, stack(0x00000008f8e00000,0x00000008f8f00000)]
  0x000001e8fa895800 JavaThread "jar transforms" [_thread_blocked, id=60364, stack(0x00000008f8f00000,0x00000008f9000000)]
  0x000001e8fa896800 JavaThread "Cache worker for file content cache (C:\Users\villa\.gradle\caches\7.3.3\fileContent)" [_thread_blocked, id=1376, stack(0x00000008f9000000,0x00000008f9100000)]
  0x000001e8fa89b800 JavaThread "jar transforms Thread 2" [_thread_blocked, id=10272, stack(0x00000008f8c00000,0x00000008f8d00000)]
  0x000001e8fa89c800 JavaThread "jar transforms Thread 3" [_thread_blocked, id=29760, stack(0x00000008f9200000,0x00000008f9300000)]
  0x000001e8fa7c1800 JavaThread "jar transforms Thread 4" [_thread_blocked, id=35892, stack(0x00000008fbc00000,0x00000008fbd00000)]
  0x000001e8fa7c0000 JavaThread "Memory manager" [_thread_blocked, id=22508, stack(0x00000008fbd00000,0x00000008fbe00000)]
  0x000001e8fa7c5000 JavaThread "pool-3-thread-1" [_thread_blocked, id=15340, stack(0x00000008fc200000,0x00000008fc300000)]
  0x000001e8fa7ca000 JavaThread "RMI Scheduler(0)" daemon [_thread_blocked, id=43320, stack(0x00000008fc100000,0x00000008fc200000)]
  0x000001e8fa7c9000 JavaThread "RMI GC Daemon" daemon [_thread_blocked, id=13084, stack(0x00000008fc900000,0x00000008fca00000)]
  0x000001e8fee56000 JavaThread "RMI TCP Accept-0" daemon [_thread_in_native, id=65104, stack(0x00000008fca00000,0x00000008fcb00000)]
  0x000001e8fee54800 JavaThread "RMI Reaper" [_thread_blocked, id=38472, stack(0x00000008fcb00000,0x00000008fcc00000)]
  0x000001e893020000 JavaThread "pool-6-thread-1" [_thread_blocked, id=54556, stack(0x00000008fbe00000,0x00000008fbf00000)]
  0x000001e8fa7be800 JavaThread "pool-9-thread-1" [_thread_blocked, id=29608, stack(0x00000008fbb00000,0x00000008fbc00000)]
  0x000001e8fa8a0800 JavaThread "pool-12-thread-1" [_thread_blocked, id=52236, stack(0x00000008fc000000,0x00000008fc100000)]
  0x000001e8fa89a800 JavaThread "pool-15-thread-1" [_thread_blocked, id=26188, stack(0x00000008fc300000,0x00000008fc400000)]
  0x000001e8fa7bc800 JavaThread "pool-18-thread-1" [_thread_blocked, id=45996, stack(0x00000008fc500000,0x00000008fc600000)]
  0x000001e893025000 JavaThread "pool-21-thread-1" [_thread_blocked, id=41656, stack(0x00000008fc400000,0x00000008fc500000)]
  0x000001e8fb56c000 JavaThread "pool-24-thread-1" [_thread_blocked, id=27052, stack(0x00000008f8d00000,0x00000008f8e00000)]
  0x000001e8fa7bb000 JavaThread "pool-27-thread-1" [_thread_blocked, id=22952, stack(0x00000008fbf00000,0x00000008fc000000)]
  0x000001e8fa7c3000 JavaThread "Daemon Thread 7" [_thread_blocked, id=38292, stack(0x00000008f6400000,0x00000008f6500000)]
  0x000001e8fa7bd800 JavaThread "Daemon worker Thread 7" [_thread_blocked, id=2256, stack(0x00000008f7d00000,0x00000008f7e00000)]
  0x000001e8fee60800 JavaThread "pool-30-thread-1" [_thread_blocked, id=46200, stack(0x00000008fc700000,0x00000008fc800000)]
  0x000001e8fee55000 JavaThread "Handler for socket connection from /127.0.0.1:65392 to /127.0.0.1:52823" [_thread_in_native, id=22408, stack(0x00000008f6500000,0x00000008f6600000)]
  0x000001e8fee5b800 JavaThread "Cancel handler" [_thread_blocked, id=30916, stack(0x00000008f7c00000,0x00000008f7d00000)]
  0x000001e8fee5c800 JavaThread "Asynchronous log dispatcher for DefaultDaemonConnection: socket connection from /127.0.0.1:65392 to /127.0.0.1:52823" [_thread_blocked, id=60760, stack(0x00000008f7e00000,0x00000008f7f00000)]
  0x000001e8fee5b000 JavaThread "Daemon client event forwarder" [_thread_blocked, id=36904, stack(0x00000008f8000000,0x00000008f8100000)]
  0x000001e8fee58800 JavaThread "Cache worker for file hash cache (D:\Kuliah\Semester\Semester 8 (2022)\Skripsi\Aku\7. Aplikasi\Bharefood\.gradle\7.3.3\fileHashes)" [_thread_blocked, id=56868, stack(0x00000008f8100000,0x00000008f8200000)]
  0x000001e8fee57000 JavaThread "Cache worker for checksums cache (D:\Kuliah\Semester\Semester 8 (2022)\Skripsi\Aku\7. Aplikasi\Bharefood\.gradle\7.3.3\checksums)" [_thread_blocked, id=49916, stack(0x00000008f8200000,0x00000008f8300000)]
  0x000001e8fee59800 JavaThread "Cache worker for cache directory md-supplier (C:\Users\villa\.gradle\caches\7.3.3\md-supplier)" [_thread_blocked, id=37872, stack(0x00000008f8700000,0x00000008f8800000)]
  0x000001e8fee5d800 JavaThread "Cache worker for cache directory md-rule (C:\Users\villa\.gradle\caches\7.3.3\md-rule)" [_thread_blocked, id=64680, stack(0x00000008f8800000,0x00000008f8900000)]
  0x000001e8fee57800 JavaThread "Cache worker for dependencies-accessors (D:\Kuliah\Semester\Semester 8 (2022)\Skripsi\Aku\7. Aplikasi\Bharefood\.gradle\7.3.3\dependencies-accessors)" [_thread_blocked, id=68080, stack(0x00000008f8b00000,0x00000008f8c00000)]
  0x000001e8fee5e000 JavaThread "Cache worker for Build Output Cleanup Cache (D:\Kuliah\Semester\Semester 8 (2022)\Skripsi\Aku\7. Aplikasi\Bharefood\.gradle\buildOutputCleanup)" [_thread_blocked, id=55532, stack(0x00000008f9100000,0x00000008f9200000)]
  0x000001e8fee62800 JavaThread "Unconstrained build operations" [_thread_blocked, id=62212, stack(0x00000008f9300000,0x00000008f9400000)]
  0x000001e8fee61800 JavaThread "Unconstrained build operations Thread 2" [_thread_blocked, id=59244, stack(0x00000008f9400000,0x00000008f9500000)]
  0x000001e8fee63000 JavaThread "Unconstrained build operations Thread 3" [_thread_blocked, id=55708, stack(0x00000008f9500000,0x00000008f9600000)]
  0x000001e8fee5f000 JavaThread "Unconstrained build operations Thread 4" [_thread_blocked, id=57252, stack(0x00000008f9600000,0x00000008f9700000)]
  0x000001e8fee60000 JavaThread "Unconstrained build operations Thread 5" [_thread_blocked, id=27224, stack(0x00000008f9700000,0x00000008f9800000)]
  0x000001e893448800 JavaThread "Unconstrained build operations Thread 6" [_thread_blocked, id=61668, stack(0x00000008f9800000,0x00000008f9900000)]
  0x000001e89344a800 JavaThread "Unconstrained build operations Thread 7" [_thread_blocked, id=41472, stack(0x00000008f9900000,0x00000008f9a00000)]
  0x000001e893449800 JavaThread "Unconstrained build operations Thread 8" [_thread_blocked, id=12620, stack(0x00000008f9a00000,0x00000008f9b00000)]
  0x000001e89344b000 JavaThread "Unconstrained build operations Thread 9" [_thread_blocked, id=32788, stack(0x00000008f9b00000,0x00000008f9c00000)]
  0x000001e893446000 JavaThread "Unconstrained build operations Thread 10" [_thread_blocked, id=30656, stack(0x00000008f9c00000,0x00000008f9d00000)]
  0x000001e89344c000 JavaThread "Unconstrained build operations Thread 11" [_thread_blocked, id=53276, stack(0x00000008f9d00000,0x00000008f9e00000)]
  0x000001e89344c800 JavaThread "Unconstrained build operations Thread 12" [_thread_blocked, id=9356, stack(0x00000008f9e00000,0x00000008f9f00000)]
  0x000001e893447000 JavaThread "Unconstrained build operations Thread 13" [_thread_blocked, id=28008, stack(0x00000008f9f00000,0x00000008fa000000)]
  0x000001e893451000 JavaThread "Unconstrained build operations Thread 14" [_thread_blocked, id=25040, stack(0x00000008fa000000,0x00000008fa100000)]
  0x000001e89344f000 JavaThread "Unconstrained build operations Thread 15" [_thread_blocked, id=35080, stack(0x00000008fa100000,0x00000008fa200000)]
  0x000001e893450000 JavaThread "Unconstrained build operations Thread 16" [_thread_blocked, id=42096, stack(0x00000008fa200000,0x00000008fa300000)]
  0x000001e89344e800 JavaThread "Unconstrained build operations Thread 17" [_thread_blocked, id=39072, stack(0x00000008fa300000,0x00000008fa400000)]
  0x000001e893451800 JavaThread "Unconstrained build operations Thread 18" [_thread_blocked, id=55152, stack(0x00000008fa400000,0x00000008fa500000)]
  0x000001e893452800 JavaThread "Unconstrained build operations Thread 19" [_thread_blocked, id=30792, stack(0x00000008fa500000,0x00000008fa600000)]
  0x000001e893453800 JavaThread "Unconstrained build operations Thread 20" [_thread_blocked, id=49672, stack(0x00000008fa600000,0x00000008fa700000)]
  0x000001e89344d800 JavaThread "Unconstrained build operations Thread 21" [_thread_blocked, id=40904, stack(0x00000008fa700000,0x00000008fa800000)]
  0x000001e893454000 JavaThread "Unconstrained build operations Thread 22" [_thread_blocked, id=24836, stack(0x00000008fa800000,0x00000008fa900000)]
  0x000001e893455000 JavaThread "Unconstrained build operations Thread 23" [_thread_blocked, id=35484, stack(0x00000008fa900000,0x00000008faa00000)]
  0x000001e89301a800 JavaThread "Unconstrained build operations Thread 24" [_thread_blocked, id=49928, stack(0x00000008faa00000,0x00000008fab00000)]
  0x000001e89301f800 JavaThread "Unconstrained build operations Thread 25" [_thread_blocked, id=53612, stack(0x00000008fab00000,0x00000008fac00000)]
  0x000001e89301b800 JavaThread "Unconstrained build operations Thread 26" [_thread_blocked, id=50516, stack(0x00000008fac00000,0x00000008fad00000)]
  0x000001e893019800 JavaThread "Unconstrained build operations Thread 27" [_thread_blocked, id=65204, stack(0x00000008fad00000,0x00000008fae00000)]
  0x000001e893022000 JavaThread "Unconstrained build operations Thread 28" [_thread_blocked, id=20260, stack(0x00000008fae00000,0x00000008faf00000)]
  0x000001e893021000 JavaThread "Unconstrained build operations Thread 29" [_thread_blocked, id=36324, stack(0x00000008faf00000,0x00000008fb000000)]
  0x000001e89301e000 JavaThread "Unconstrained build operations Thread 30" [_thread_blocked, id=63420, stack(0x00000008fb000000,0x00000008fb100000)]
  0x000001e89301e800 JavaThread "Unconstrained build operations Thread 31" [_thread_blocked, id=54912, stack(0x00000008fb100000,0x00000008fb200000)]
  0x000001e89301c000 JavaThread "Unconstrained build operations Thread 32" [_thread_blocked, id=54244, stack(0x00000008fb200000,0x00000008fb300000)]
  0x000001e893022800 JavaThread "Unconstrained build operations Thread 33" [_thread_blocked, id=20268, stack(0x00000008fb300000,0x00000008fb400000)]
  0x000001e89301d000 JavaThread "Unconstrained build operations Thread 34" [_thread_blocked, id=31732, stack(0x00000008fb400000,0x00000008fb500000)]
  0x000001e893026000 JavaThread "Unconstrained build operations Thread 35" [_thread_blocked, id=70172, stack(0x00000008fb500000,0x00000008fb600000)]
  0x000001e893023800 JavaThread "Unconstrained build operations Thread 36" [_thread_blocked, id=40052, stack(0x00000008fb600000,0x00000008fb700000)]
  0x000001e893027000 JavaThread "Unconstrained build operations Thread 37" [_thread_blocked, id=43648, stack(0x00000008fb700000,0x00000008fb800000)]
  0x000001e893024800 JavaThread "Unconstrained build operations Thread 38" [_thread_blocked, id=21692, stack(0x00000008fb800000,0x00000008fb900000)]
  0x000001e893027800 JavaThread "Unconstrained build operations Thread 39" [_thread_blocked, id=39596, stack(0x00000008fb900000,0x00000008fba00000)]
  0x000001e893028800 JavaThread "Unconstrained build operations Thread 40" [_thread_blocked, id=46996, stack(0x00000008fba00000,0x00000008fbb00000)]
  0x000001e8fa899000 JavaThread "build event listener" [_thread_blocked, id=41632, stack(0x00000008fc600000,0x00000008fc700000)]
  0x000001e8fa893800 JavaThread "pool-33-thread-1" [_thread_blocked, id=44848, stack(0x00000008fc800000,0x00000008fc900000)]
  0x000001e8fa89e800 JavaThread "build event listener" [_thread_blocked, id=30628, stack(0x00000008fcc00000,0x00000008fcd00000)]
  0x000001e8fa89e000 JavaThread "Execution worker for ':'" [_thread_blocked, id=51364, stack(0x00000008fcd00000,0x00000008fce00000)]
  0x000001e8fa89f800 JavaThread "Execution worker for ':' Thread 2" [_thread_blocked, id=49232, stack(0x00000008fce00000,0x00000008fcf00000)]
  0x000001e8fa89a000 JavaThread "Execution worker for ':' Thread 3" [_thread_blocked, id=19800, stack(0x00000008fcf00000,0x00000008fd000000)]
  0x000001e8fa7bf000 JavaThread "Cache worker for execution history cache (D:\Kuliah\Semester\Semester 8 (2022)\Skripsi\Aku\7. Aplikasi\Bharefood\.gradle\7.3.3\executionHistory)" [_thread_blocked, id=55340, stack(0x00000008fd000000,0x00000008fd100000)]
  0x000001e8fa7c6800 JavaThread "WorkerExecutor Queue Thread 3" [_thread_blocked, id=69616, stack(0x00000008fd300000,0x00000008fd400000)]
  0x000001e8fa7c5800 JavaThread "WorkerExecutor Queue Thread 4" [_thread_blocked, id=60708, stack(0x00000008fd400000,0x00000008fd500000)]
  0x000001e8fa7c8000 JavaThread "Java2D Disposer" daemon [_thread_blocked, id=70112, stack(0x00000008fd700000,0x00000008fd800000)]
  0x000001e8fb568000 JavaThread "RMI TCP Connection(idle)" daemon [_thread_blocked, id=6512, stack(0x00000008fd100000,0x00000008fd200000)]
  0x000001e8fa7c2800 JavaThread "WorkerExecutor Queue Thread 5" [_thread_blocked, id=62964, stack(0x00000008fd900000,0x00000008fda00000)]
  0x000001e8fa89d000 JavaThread "pool-34-thread-1" [_thread_blocked, id=15672, stack(0x00000008fda00000,0x00000008fdb00000)]
  0x000001e892d8e800 JavaThread "stderr" [_thread_in_native, id=63572, stack(0x00000008fdb00000,0x00000008fdc00000)]
  0x000001e892d8f800 JavaThread "stdout" [_thread_in_native, id=39992, stack(0x00000008fdc00000,0x00000008fdd00000)]
  0x000001e892d91800 JavaThread "WorkerExecutor Queue Thread 6" [_thread_blocked, id=53628, stack(0x00000008fd200000,0x00000008fd300000)]
  0x000001e892d92800 JavaThread "ForkJoinPool-1-worker-3" daemon [_thread_blocked, id=21608, stack(0x00000008fdd00000,0x00000008fde00000)]
  0x000001e892d90000 JavaThread "ForkJoinPool-1-worker-5" daemon [_thread_blocked, id=15376, stack(0x00000008fde00000,0x00000008fdf00000)]
  0x000001e892d8d800 JavaThread "ForkJoinPool-1-worker-7" daemon [_thread_blocked, id=63992, stack(0x00000008fdf00000,0x00000008fe000000)]
  0x000001e892d91000 JavaThread "ForkJoinPool-1-worker-1" daemon [_thread_blocked, id=50604, stack(0x00000008fe000000,0x00000008fe100000)]

Other Threads:
=>0x000001e8f90aa000 VMThread "VM Thread" [stack: 0x00000008f6c00000,0x00000008f6d00000] [id=27144]
  0x000001e8f9b9f000 WatcherThread [stack: 0x00000008f7600000,0x00000008f7700000] [id=15956]
  0x000001e8ee4d7000 GCTaskThread "GC Thread#0" [stack: 0x00000008f6700000,0x00000008f6800000] [id=55864]
  0x000001e8fa47c000 GCTaskThread "GC Thread#1" [stack: 0x00000008f7800000,0x00000008f7900000] [id=58228]
  0x000001e8fa5d5000 GCTaskThread "GC Thread#2" [stack: 0x00000008f7900000,0x00000008f7a00000] [id=21140]
  0x000001e8fabe1800 GCTaskThread "GC Thread#3" [stack: 0x00000008f8300000,0x00000008f8400000] [id=13280]
  0x000001e8ee508800 ConcurrentGCThread "G1 Main Marker" [stack: 0x00000008f6800000,0x00000008f6900000] [id=59580]
  0x000001e8ee50a800 ConcurrentGCThread "G1 Conc#0" [stack: 0x00000008f6900000,0x00000008f6a00000] [id=49608]
  0x000001e8ee599000 ConcurrentGCThread "G1 Refine#0" [stack: 0x00000008f6a00000,0x00000008f6b00000] [id=58160]
  0x000001e8ee59a000 ConcurrentGCThread "G1 Young RemSet Sampling" [stack: 0x00000008f6b00000,0x00000008f6c00000] [id=37448]

Threads with active compile tasks:
C2 CompilerThread04414053 26285       4       com.android.tools.r8.graph.q0::a (10 bytes)

VM state:at safepoint (normal execution)

VM Mutex/Monitor currently owned by a thread:  ([mutex/lock_event])
[0x000001e8ee4bb060] Threads_lock - owner thread: 0x000001e8f90aa000
[0x000001e8ee4ba400] Heap_lock - owner thread: 0x000001e892d90000

Heap address: 0x0000000080000000, size: 2048 MB, Compressed Oops mode: 32-bit
Narrow klass base: 0x0000000000000000, Narrow klass shift: 3
Compressed class space size: 1073741824 Address: 0x0000000100000000

Heap:
 garbage-first heap   total 491520K, used 260352K [0x0000000080000000, 0x0000000100000000)
  region size 1024K, 2 young (2048K), 2 survivors (2048K)
 Metaspace       used 174470K, capacity 178973K, committed 179096K, reserved 1206272K
  class space    used 21393K, capacity 22966K, committed 22988K, reserved 1048576K
Heap Regions: E=young(eden), S=young(survivor), O=old, HS=humongous(starts), HC=humongous(continues), CS=collection set, F=free, A=archive, TAMS=top-at-mark-start (previous, next)
|   0|0x0000000080000000, 0x0000000080100000, 0x0000000080100000|100%| O|  |TAMS 0x0000000080100000, 0x0000000080000000| Untracked 
|   1|0x0000000080100000, 0x0000000080200000, 0x0000000080200000|100%| O|  |TAMS 0x0000000080200000, 0x0000000080100000| Untracked 
|   2|0x0000000080200000, 0x0000000080300000, 0x0000000080300000|100%| O|  |TAMS 0x0000000080300000, 0x0000000080200000| Untracked 
|   3|0x0000000080300000, 0x0000000080400000, 0x0000000080400000|100%|HS|  |TAMS 0x0000000080400000, 0x0000000080300000| Complete 
|   4|0x0000000080400000, 0x0000000080500000, 0x0000000080500000|100%|HC|  |TAMS 0x0000000080500000, 0x0000000080400000| Complete 
|   5|0x0000000080500000, 0x0000000080600000, 0x0000000080600000|100%|HC|  |TAMS 0x0000000080600000, 0x0000000080500000| Complete 
|   6|0x0000000080600000, 0x0000000080700000, 0x0000000080700000|100%| O|  |TAMS 0x0000000080700000, 0x0000000080600000| Untracked 
|   7|0x0000000080700000, 0x0000000080800000, 0x0000000080800000|100%| O|  |TAMS 0x0000000080800000, 0x0000000080700000| Untracked 
|   8|0x0000000080800000, 0x0000000080900000, 0x0000000080900000|100%| O|  |TAMS 0x0000000080900000, 0x0000000080800000| Untracked 
|   9|0x0000000080900000, 0x0000000080a00000, 0x0000000080a00000|100%| O|  |TAMS 0x0000000080a00000, 0x0000000080900000| Complete 
|  10|0x0000000080a00000, 0x0000000080b00000, 0x0000000080b00000|100%| O|  |TAMS 0x0000000080b00000, 0x0000000080a00000| Complete 
|  11|0x0000000080b00000, 0x0000000080c00000, 0x0000000080c00000|100%| O|  |TAMS 0x0000000080c00000, 0x0000000080b00000| Complete 
|  12|0x0000000080c00000, 0x0000000080d00000, 0x0000000080d00000|100%| O|  |TAMS 0x0000000080d00000, 0x0000000080c00000| Untracked 
|  13|0x0000000080d00000, 0x0000000080e00000, 0x0000000080e00000|100%| O|  |TAMS 0x0000000080e00000, 0x0000000080d00000| Untracked 
|  14|0x0000000080e00000, 0x0000000080f00000, 0x0000000080f00000|100%| O|  |TAMS 0x0000000080f00000, 0x0000000080e00000| Untracked 
|  15|0x0000000080f00000, 0x0000000081000000, 0x0000000081000000|100%| O|  |TAMS 0x0000000081000000, 0x0000000080f00000| Complete 
|  16|0x0000000081000000, 0x0000000081100000, 0x0000000081100000|100%|HS|  |TAMS 0x0000000081100000, 0x0000000081000000| Complete 
|  17|0x0000000081100000, 0x0000000081200000, 0x0000000081200000|100%| O|  |TAMS 0x0000000081200000, 0x0000000081100000| Complete 
|  18|0x0000000081200000, 0x0000000081300000, 0x0000000081300000|100%| O|  |TAMS 0x0000000081300000, 0x0000000081200000| Complete 
|  19|0x0000000081300000, 0x0000000081400000, 0x0000000081400000|100%| O|  |TAMS 0x0000000081400000, 0x0000000081300000| Complete 
|  20|0x0000000081400000, 0x0000000081500000, 0x0000000081500000|100%| O|  |TAMS 0x0000000081500000, 0x0000000081400000| Complete 
|  21|0x0000000081500000, 0x0000000081600000, 0x0000000081600000|100%| O|  |TAMS 0x0000000081600000, 0x0000000081500000| Complete 
|  22|0x0000000081600000, 0x0000000081700000, 0x0000000081700000|100%| O|  |TAMS 0x0000000081700000, 0x0000000081600000| Complete 
|  23|0x0000000081700000, 0x0000000081800000, 0x0000000081800000|100%| O|  |TAMS 0x0000000081800000, 0x0000000081700000| Complete 
|  24|0x0000000081800000, 0x0000000081900000, 0x0000000081900000|100%| O|  |TAMS 0x0000000081900000, 0x0000000081800000| Untracked 
|  25|0x0000000081900000, 0x0000000081a00000, 0x0000000081a00000|100%| O|  |TAMS 0x0000000081a00000, 0x0000000081900000| Untracked 
|  26|0x0000000081a00000, 0x0000000081b00000, 0x0000000081b00000|100%|HS|  |TAMS 0x0000000081a00000, 0x0000000081a00000| Complete 
|  27|0x0000000081b00000, 0x0000000081c00000, 0x0000000081c00000|100%| O|  |TAMS 0x0000000081c00000, 0x0000000081b00000| Complete 
|  28|0x0000000081c00000, 0x0000000081d00000, 0x0000000081d00000|100%|HS|  |TAMS 0x0000000081d00000, 0x0000000081c00000| Complete 
|  29|0x0000000081d00000, 0x0000000081e00000, 0x0000000081e00000|100%|HS|  |TAMS 0x0000000081e00000, 0x0000000081d00000| Complete 
|  30|0x0000000081e00000, 0x0000000081f00000, 0x0000000081f00000|100%|HS|  |TAMS 0x0000000081f00000, 0x0000000081e00000| Complete 
|  31|0x0000000081f00000, 0x0000000082000000, 0x0000000082000000|100%|HC|  |TAMS 0x0000000082000000, 0x0000000081f00000| Complete 
|  32|0x0000000082000000, 0x0000000082100000, 0x0000000082100000|100%|HC|  |TAMS 0x0000000082100000, 0x0000000082000000| Complete 
|  33|0x0000000082100000, 0x0000000082200000, 0x0000000082200000|100%|HS|  |TAMS 0x0000000082200000, 0x0000000082100000| Complete 
|  34|0x0000000082200000, 0x0000000082300000, 0x0000000082300000|100%|HC|  |TAMS 0x0000000082300000, 0x0000000082200000| Complete 
|  35|0x0000000082300000, 0x0000000082300000, 0x0000000082400000|  0%| F|  |TAMS 0x0000000082300000, 0x0000000082300000| Untracked 
|  36|0x0000000082400000, 0x0000000082500000, 0x0000000082500000|100%|HS|  |TAMS 0x0000000082500000, 0x0000000082400000| Complete 
|  37|0x0000000082500000, 0x0000000082500000, 0x0000000082600000|  0%| F|  |TAMS 0x0000000082500000, 0x0000000082500000| Untracked 
|  38|0x0000000082600000, 0x0000000082700000, 0x0000000082700000|100%| O|  |TAMS 0x0000000082700000, 0x0000000082600000| Complete 
|  39|0x0000000082700000, 0x0000000082800000, 0x0000000082800000|100%|HS|  |TAMS 0x0000000082800000, 0x0000000082700000| Complete 
|  40|0x0000000082800000, 0x0000000082900000, 0x0000000082900000|100%| O|  |TAMS 0x0000000082900000, 0x0000000082800000| Untracked 
|  41|0x0000000082900000, 0x0000000082a00000, 0x0000000082a00000|100%| O|  |TAMS 0x0000000082a00000, 0x0000000082900000| Complete 
|  42|0x0000000082a00000, 0x0000000082b00000, 0x0000000082b00000|100%| O|  |TAMS 0x0000000082b00000, 0x0000000082a00000| Untracked 
|  43|0x0000000082b00000, 0x0000000082c00000, 0x0000000082c00000|100%| O|  |TAMS 0x0000000082c00000, 0x0000000082b00000| Untracked 
|  44|0x0000000082c00000, 0x0000000082d00000, 0x0000000082d00000|100%| O|  |TAMS 0x0000000082d00000, 0x0000000082c00000| Untracked 
|  45|0x0000000082d00000, 0x0000000082e00000, 0x0000000082e00000|100%| O|  |TAMS 0x0000000082e00000, 0x0000000082d00000| Untracked 
|  46|0x0000000082e00000, 0x0000000082f00000, 0x0000000082f00000|100%| O|  |TAMS 0x0000000082f00000, 0x0000000082e00000| Untracked 
|  47|0x0000000082f00000, 0x0000000083000000, 0x0000000083000000|100%|HS|  |TAMS 0x0000000083000000, 0x0000000082f00000| Complete 
|  48|0x0000000083000000, 0x0000000083100000, 0x0000000083100000|100%| O|  |TAMS 0x0000000083000000, 0x0000000083000000| Untracked 
|  49|0x0000000083100000, 0x0000000083100000, 0x0000000083200000|  0%| F|  |TAMS 0x0000000083100000, 0x0000000083100000| Untracked 
|  50|0x0000000083200000, 0x0000000083300000, 0x0000000083300000|100%| O|  |TAMS 0x0000000083200000, 0x0000000083200000| Untracked 
|  51|0x0000000083300000, 0x0000000083400000, 0x0000000083400000|100%| O|  |TAMS 0x0000000083400000, 0x0000000083300000| Complete 
|  52|0x0000000083400000, 0x0000000083500000, 0x0000000083500000|100%| O|  |TAMS 0x0000000083500000, 0x0000000083400000| Complete 
|  53|0x0000000083500000, 0x0000000083600000, 0x0000000083600000|100%| O|  |TAMS 0x0000000083600000, 0x0000000083500000| Untracked 
|  54|0x0000000083600000, 0x0000000083700000, 0x0000000083700000|100%| O|  |TAMS 0x0000000083700000, 0x0000000083600000| Complete 
|  55|0x0000000083700000, 0x0000000083800000, 0x0000000083800000|100%| O|  |TAMS 0x0000000083800000, 0x0000000083700000| Complete 
|  56|0x0000000083800000, 0x0000000083900000, 0x0000000083900000|100%| O|  |TAMS 0x0000000083900000, 0x0000000083800000| Untracked 
|  57|0x0000000083900000, 0x0000000083a00000, 0x0000000083a00000|100%| O|  |TAMS 0x0000000083a00000, 0x0000000083900000| Complete 
|  58|0x0000000083a00000, 0x0000000083b00000, 0x0000000083b00000|100%| O|  |TAMS 0x0000000083b00000, 0x0000000083a00000| Untracked 
|  59|0x0000000083b00000, 0x0000000083c00000, 0x0000000083c00000|100%|HS|  |TAMS 0x0000000083c00000, 0x0000000083b00000| Complete 
|  60|0x0000000083c00000, 0x0000000083d00000, 0x0000000083d00000|100%|HC|  |TAMS 0x0000000083d00000, 0x0000000083c00000| Complete 
|  61|0x0000000083d00000, 0x0000000083e00000, 0x0000000083e00000|100%|HC|  |TAMS 0x0000000083e00000, 0x0000000083d00000| Complete 
|  62|0x0000000083e00000, 0x0000000083f00000, 0x0000000083f00000|100%|HC|  |TAMS 0x0000000083f00000, 0x0000000083e00000| Complete 
|  63|0x0000000083f00000, 0x0000000084000000, 0x0000000084000000|100%| O|  |TAMS 0x0000000084000000, 0x0000000083f00000| Untracked 
|  64|0x0000000084000000, 0x0000000084100000, 0x0000000084100000|100%| O|  |TAMS 0x0000000084100000, 0x0000000084000000| Complete 
|  65|0x0000000084100000, 0x0000000084100000, 0x0000000084200000|  0%| F|  |TAMS 0x0000000084100000, 0x0000000084100000| Untracked 
|  66|0x0000000084200000, 0x0000000084300000, 0x0000000084300000|100%| O|  |TAMS 0x0000000084300000, 0x0000000084200000| Complete 
|  67|0x0000000084300000, 0x0000000084400000, 0x0000000084400000|100%|HS|  |TAMS 0x0000000084400000, 0x0000000084300000| Complete 
|  68|0x0000000084400000, 0x0000000084500000, 0x0000000084500000|100%|HC|  |TAMS 0x0000000084500000, 0x0000000084400000| Complete 
|  69|0x0000000084500000, 0x0000000084600000, 0x0000000084600000|100%|HC|  |TAMS 0x0000000084600000, 0x0000000084500000| Complete 
|  70|0x0000000084600000, 0x0000000084700000, 0x0000000084700000|100%| O|  |TAMS 0x0000000084700000, 0x0000000084600000| Untracked 
|  71|0x0000000084700000, 0x0000000084800000, 0x0000000084800000|100%| O|  |TAMS 0x0000000084800000, 0x0000000084700000| Complete 
|  72|0x0000000084800000, 0x0000000084900000, 0x0000000084900000|100%| O|  |TAMS 0x0000000084900000, 0x0000000084800000| Complete 
|  73|0x0000000084900000, 0x0000000084a00000, 0x0000000084a00000|100%| O|  |TAMS 0x0000000084a00000, 0x0000000084900000| Complete 
|  74|0x0000000084a00000, 0x0000000084b00000, 0x0000000084b00000|100%| O|  |TAMS 0x0000000084a00000, 0x0000000084a00000| Untracked 
|  75|0x0000000084b00000, 0x0000000084c00000, 0x0000000084c00000|100%| O|  |TAMS 0x0000000084c00000, 0x0000000084b00000| Complete 
|  76|0x0000000084c00000, 0x0000000084d00000, 0x0000000084d00000|100%| O|  |TAMS 0x0000000084c00000, 0x0000000084c00000| Untracked 
|  77|0x0000000084d00000, 0x0000000084e00000, 0x0000000084e00000|100%| O|  |TAMS 0x0000000084e00000, 0x0000000084d00000| Untracked 
|  78|0x0000000084e00000, 0x0000000084f00000, 0x0000000084f00000|100%| O|  |TAMS 0x0000000084f00000, 0x0000000084e00000| Untracked 
|  79|0x0000000084f00000, 0x0000000085000000, 0x0000000085000000|100%| O|  |TAMS 0x0000000085000000, 0x0000000084f00000| Untracked 
|  80|0x0000000085000000, 0x0000000085100000, 0x0000000085100000|100%| O|  |TAMS 0x0000000085100000, 0x0000000085000000| Complete 
|  81|0x0000000085100000, 0x0000000085200000, 0x0000000085200000|100%| O|  |TAMS 0x0000000085200000, 0x0000000085100000| Untracked 
|  82|0x0000000085200000, 0x0000000085300000, 0x0000000085300000|100%| O|  |TAMS 0x0000000085300000, 0x0000000085200000| Untracked 
|  83|0x0000000085300000, 0x0000000085400000, 0x0000000085400000|100%| O|  |TAMS 0x0000000085400000, 0x0000000085300000| Untracked 
|  84|0x0000000085400000, 0x0000000085500000, 0x0000000085500000|100%| O|  |TAMS 0x0000000085500000, 0x0000000085400000| Untracked 
|  85|0x0000000085500000, 0x0000000085600000, 0x0000000085600000|100%| O|  |TAMS 0x0000000085600000, 0x0000000085500000| Complete 
|  86|0x0000000085600000, 0x0000000085700000, 0x0000000085700000|100%| O|  |TAMS 0x0000000085700000, 0x0000000085600000| Complete 
|  87|0x0000000085700000, 0x0000000085800000, 0x0000000085800000|100%| O|  |TAMS 0x0000000085800000, 0x0000000085700000| Complete 
|  88|0x0000000085800000, 0x0000000085900000, 0x0000000085900000|100%| O|  |TAMS 0x0000000085800000, 0x0000000085800000| Untracked 
|  89|0x0000000085900000, 0x0000000085a00000, 0x0000000085a00000|100%| O|  |TAMS 0x0000000085a00000, 0x0000000085900000| Complete 
|  90|0x0000000085a00000, 0x0000000085b00000, 0x0000000085b00000|100%|HS|  |TAMS 0x0000000085b00000, 0x0000000085a00000| Complete 
|  91|0x0000000085b00000, 0x0000000085c00000, 0x0000000085c00000|100%|HC|  |TAMS 0x0000000085c00000, 0x0000000085b00000| Complete 
|  92|0x0000000085c00000, 0x0000000085d00000, 0x0000000085d00000|100%| O|  |TAMS 0x0000000085d00000, 0x0000000085c00000| Untracked 
|  93|0x0000000085d00000, 0x0000000085e00000, 0x0000000085e00000|100%| O|  |TAMS 0x0000000085e00000, 0x0000000085d00000| Complete 
|  94|0x0000000085e00000, 0x0000000085f00000, 0x0000000085f00000|100%| O|  |TAMS 0x0000000085f00000, 0x0000000085e00000| Complete 
|  95|0x0000000085f00000, 0x0000000086000000, 0x0000000086000000|100%| O|  |TAMS 0x0000000086000000, 0x0000000085f00000| Complete 
|  96|0x0000000086000000, 0x0000000086000000, 0x0000000086100000|  0%| F|  |TAMS 0x0000000086000000, 0x0000000086000000| Untracked 
|  97|0x0000000086100000, 0x0000000086200000, 0x0000000086200000|100%| O|  |TAMS 0x0000000086200000, 0x0000000086100000| Untracked 
|  98|0x0000000086200000, 0x0000000086300000, 0x0000000086300000|100%| O|  |TAMS 0x0000000086300000, 0x0000000086200000| Complete 
|  99|0x0000000086300000, 0x0000000086400000, 0x0000000086400000|100%| O|  |TAMS 0x0000000086400000, 0x0000000086300000| Untracked 
| 100|0x0000000086400000, 0x0000000086500000, 0x0000000086500000|100%| O|  |TAMS 0x0000000086500000, 0x0000000086400000| Untracked 
| 101|0x0000000086500000, 0x0000000086600000, 0x0000000086600000|100%| O|  |TAMS 0x0000000086600000, 0x0000000086500000| Untracked 
| 102|0x0000000086600000, 0x0000000086700000, 0x0000000086700000|100%|HS|  |TAMS 0x0000000086700000, 0x0000000086600000| Complete 
| 103|0x0000000086700000, 0x0000000086800000, 0x0000000086800000|100%|HC|  |TAMS 0x0000000086800000, 0x0000000086700000| Complete 
| 104|0x0000000086800000, 0x0000000086900000, 0x0000000086900000|100%|HC|  |TAMS 0x0000000086900000, 0x0000000086800000| Complete 
| 105|0x0000000086900000, 0x0000000086a00000, 0x0000000086a00000|100%|HS|  |TAMS 0x0000000086a00000, 0x0000000086900000| Complete 
| 106|0x0000000086a00000, 0x0000000086b00000, 0x0000000086b00000|100%|HC|  |TAMS 0x0000000086b00000, 0x0000000086a00000| Complete 
| 107|0x0000000086b00000, 0x0000000086c00000, 0x0000000086c00000|100%|HC|  |TAMS 0x0000000086c00000, 0x0000000086b00000| Complete 
| 108|0x0000000086c00000, 0x0000000086d00000, 0x0000000086d00000|100%|HC|  |TAMS 0x0000000086d00000, 0x0000000086c00000| Complete 
| 109|0x0000000086d00000, 0x0000000086e00000, 0x0000000086e00000|100%|HS|  |TAMS 0x0000000086e00000, 0x0000000086d00000| Complete 
| 110|0x0000000086e00000, 0x0000000086f00000, 0x0000000086f00000|100%|HC|  |TAMS 0x0000000086f00000, 0x0000000086e00000| Complete 
| 111|0x0000000086f00000, 0x0000000087000000, 0x0000000087000000|100%|HC|  |TAMS 0x0000000087000000, 0x0000000086f00000| Complete 
| 112|0x0000000087000000, 0x0000000087100000, 0x0000000087100000|100%| O|  |TAMS 0x0000000087100000, 0x0000000087000000| Untracked 
| 113|0x0000000087100000, 0x0000000087200000, 0x0000000087200000|100%| O|  |TAMS 0x0000000087100000, 0x0000000087100000| Untracked 
| 114|0x0000000087200000, 0x0000000087300000, 0x0000000087300000|100%| O|  |TAMS 0x0000000087300000, 0x0000000087200000| Untracked 
| 115|0x0000000087300000, 0x0000000087400000, 0x0000000087400000|100%| O|  |TAMS 0x0000000087400000, 0x0000000087300000| Untracked 
| 116|0x0000000087400000, 0x0000000087500000, 0x0000000087500000|100%| O|  |TAMS 0x0000000087500000, 0x0000000087400000| Complete 
| 117|0x0000000087500000, 0x0000000087600000, 0x0000000087600000|100%| O|  |TAMS 0x0000000087600000, 0x0000000087500000| Untracked 
| 118|0x0000000087600000, 0x0000000087700000, 0x0000000087700000|100%|HS|  |TAMS 0x0000000087700000, 0x0000000087600000| Complete 
| 119|0x0000000087700000, 0x0000000087800000, 0x0000000087800000|100%| O|  |TAMS 0x0000000087800000, 0x0000000087700000| Complete 
| 120|0x0000000087800000, 0x0000000087900000, 0x0000000087900000|100%|HS|  |TAMS 0x0000000087900000, 0x0000000087800000| Complete 
| 121|0x0000000087900000, 0x0000000087a00000, 0x0000000087a00000|100%|HC|  |TAMS 0x0000000087a00000, 0x0000000087900000| Complete 
| 122|0x0000000087a00000, 0x0000000087b00000, 0x0000000087b00000|100%| O|  |TAMS 0x0000000087a80000, 0x0000000087a00000| Untracked 
| 123|0x0000000087b00000, 0x0000000087c00000, 0x0000000087c00000|100%|HS|  |TAMS 0x0000000087c00000, 0x0000000087b00000| Complete 
| 124|0x0000000087c00000, 0x0000000087d00000, 0x0000000087d00000|100%|HC|  |TAMS 0x0000000087d00000, 0x0000000087c00000| Complete 
| 125|0x0000000087d00000, 0x0000000087e00000, 0x0000000087e00000|100%|HC|  |TAMS 0x0000000087e00000, 0x0000000087d00000| Complete 
| 126|0x0000000087e00000, 0x0000000087f00000, 0x0000000087f00000|100%|HS|  |TAMS 0x0000000087f00000, 0x0000000087e00000| Complete 
| 127|0x0000000087f00000, 0x0000000088000000, 0x0000000088000000|100%|HS|  |TAMS 0x0000000088000000, 0x0000000087f00000| Complete 
| 128|0x0000000088000000, 0x0000000088100000, 0x0000000088100000|100%|HC|  |TAMS 0x0000000088100000, 0x0000000088000000| Complete 
| 129|0x0000000088100000, 0x0000000088200000, 0x0000000088200000|100%|HC|  |TAMS 0x0000000088200000, 0x0000000088100000| Complete 
| 130|0x0000000088200000, 0x0000000088300000, 0x0000000088300000|100%|HC|  |TAMS 0x0000000088300000, 0x0000000088200000| Complete 
| 131|0x0000000088300000, 0x0000000088400000, 0x0000000088400000|100%| O|  |TAMS 0x0000000088400000, 0x0000000088300000| Untracked 
| 132|0x0000000088400000, 0x0000000088500000, 0x0000000088500000|100%| O|  |TAMS 0x0000000088500000, 0x0000000088400000| Untracked 
| 133|0x0000000088500000, 0x0000000088600000, 0x0000000088600000|100%| O|  |TAMS 0x0000000088600000, 0x0000000088500000| Complete 
| 134|0x0000000088600000, 0x0000000088700000, 0x0000000088700000|100%| O|  |TAMS 0x0000000088700000, 0x0000000088600000| Complete 
| 135|0x0000000088700000, 0x0000000088800000, 0x0000000088800000|100%| O|  |TAMS 0x0000000088800000, 0x0000000088700000| Complete 
| 136|0x0000000088800000, 0x0000000088900000, 0x0000000088900000|100%| O|  |TAMS 0x0000000088900000, 0x0000000088800000| Untracked 
| 137|0x0000000088900000, 0x0000000088a00000, 0x0000000088a00000|100%| O|  |TAMS 0x0000000088a00000, 0x0000000088900000| Complete 
| 138|0x0000000088a00000, 0x0000000088b00000, 0x0000000088b00000|100%| O|  |TAMS 0x0000000088b00000, 0x0000000088a00000| Untracked 
| 139|0x0000000088b00000, 0x0000000088c00000, 0x0000000088c00000|100%| O|  |TAMS 0x0000000088c00000, 0x0000000088b00000| Untracked 
| 140|0x0000000088c00000, 0x0000000088d00000, 0x0000000088d00000|100%| O|  |TAMS 0x0000000088d00000, 0x0000000088c00000| Untracked 
| 141|0x0000000088d00000, 0x0000000088e00000, 0x0000000088e00000|100%| O|  |TAMS 0x0000000088e00000, 0x0000000088d00000| Complete 
| 142|0x0000000088e00000, 0x0000000088f00000, 0x0000000088f00000|100%| O|  |TAMS 0x0000000088f00000, 0x0000000088e00000| Untracked 
| 143|0x0000000088f00000, 0x0000000089000000, 0x0000000089000000|100%| O|  |TAMS 0x0000000089000000, 0x0000000088f00000| Untracked 
| 144|0x0000000089000000, 0x0000000089100000, 0x0000000089100000|100%| O|  |TAMS 0x0000000089100000, 0x0000000089000000| Complete 
| 145|0x0000000089100000, 0x0000000089200000, 0x0000000089200000|100%| O|  |TAMS 0x0000000089200000, 0x0000000089100000| Untracked 
| 146|0x0000000089200000, 0x0000000089300000, 0x0000000089300000|100%| O|  |TAMS 0x0000000089200000, 0x0000000089200000| Untracked 
| 147|0x0000000089300000, 0x0000000089400000, 0x0000000089400000|100%| O|  |TAMS 0x0000000089400000, 0x0000000089300000| Complete 
| 148|0x0000000089400000, 0x0000000089500000, 0x0000000089500000|100%| O|  |TAMS 0x0000000089500000, 0x0000000089400000| Complete 
| 149|0x0000000089500000, 0x0000000089600000, 0x0000000089600000|100%| O|  |TAMS 0x0000000089600000, 0x0000000089500000| Untracked 
| 150|0x0000000089600000, 0x0000000089700000, 0x0000000089700000|100%| O|  |TAMS 0x0000000089700000, 0x0000000089600000| Complete 
| 151|0x0000000089700000, 0x0000000089800000, 0x0000000089800000|100%| O|  |TAMS 0x0000000089800000, 0x0000000089700000| Untracked 
| 152|0x0000000089800000, 0x0000000089900000, 0x0000000089900000|100%| O|  |TAMS 0x0000000089900000, 0x0000000089800000| Untracked 
| 153|0x0000000089900000, 0x0000000089a00000, 0x0000000089a00000|100%| O|  |TAMS 0x0000000089900000, 0x0000000089900000| Untracked 
| 154|0x0000000089a00000, 0x0000000089b00000, 0x0000000089b00000|100%| O|  |TAMS 0x0000000089b00000, 0x0000000089a00000| Complete 
| 155|0x0000000089b00000, 0x0000000089c00000, 0x0000000089c00000|100%|HS|  |TAMS 0x0000000089c00000, 0x0000000089b00000| Complete 
| 156|0x0000000089c00000, 0x0000000089d00000, 0x0000000089d00000|100%| O|  |TAMS 0x0000000089d00000, 0x0000000089c00000| Untracked 
| 157|0x0000000089d00000, 0x0000000089e00000, 0x0000000089e00000|100%| O|  |TAMS 0x0000000089e00000, 0x0000000089d00000| Untracked 
| 158|0x0000000089e00000, 0x0000000089f00000, 0x0000000089f00000|100%| O|  |TAMS 0x0000000089f00000, 0x0000000089e00000| Untracked 
| 159|0x0000000089f00000, 0x000000008a000000, 0x000000008a000000|100%|HS|  |TAMS 0x000000008a000000, 0x0000000089f00000| Complete 
| 160|0x000000008a000000, 0x000000008a040200, 0x000000008a100000| 25%| O|  |TAMS 0x000000008a000000, 0x000000008a000000| Untracked 
| 161|0x000000008a100000, 0x000000008a200000, 0x000000008a200000|100%| O|  |TAMS 0x000000008a200000, 0x000000008a100000| Untracked 
| 162|0x000000008a200000, 0x000000008a300000, 0x000000008a300000|100%| O|  |TAMS 0x000000008a300000, 0x000000008a200000| Complete 
| 163|0x000000008a300000, 0x000000008a300000, 0x000000008a400000|  0%| F|  |TAMS 0x000000008a300000, 0x000000008a300000| Untracked 
| 164|0x000000008a400000, 0x000000008a500000, 0x000000008a500000|100%|HS|  |TAMS 0x000000008a500000, 0x000000008a400000| Complete 
| 165|0x000000008a500000, 0x000000008a600000, 0x000000008a600000|100%|HC|  |TAMS 0x000000008a600000, 0x000000008a500000| Complete 
| 166|0x000000008a600000, 0x000000008a700000, 0x000000008a700000|100%|HS|  |TAMS 0x000000008a700000, 0x000000008a600000| Complete 
| 167|0x000000008a700000, 0x000000008a800000, 0x000000008a800000|100%|HC|  |TAMS 0x000000008a800000, 0x000000008a700000| Complete 
| 168|0x000000008a800000, 0x000000008a900000, 0x000000008a900000|100%|HC|  |TAMS 0x000000008a900000, 0x000000008a800000| Complete 
| 169|0x000000008a900000, 0x000000008aa00000, 0x000000008aa00000|100%| O|  |TAMS 0x000000008aa00000, 0x000000008a900000| Untracked 
| 170|0x000000008aa00000, 0x000000008ab00000, 0x000000008ab00000|100%| O|  |TAMS 0x000000008ab00000, 0x000000008aa00000| Untracked 
| 171|0x000000008ab00000, 0x000000008ac00000, 0x000000008ac00000|100%| O|  |TAMS 0x000000008ac00000, 0x000000008ab00000| Complete 
| 172|0x000000008ac00000, 0x000000008ad00000, 0x000000008ad00000|100%| O|  |TAMS 0x000000008ad00000, 0x000000008ac00000| Complete 
| 173|0x000000008ad00000, 0x000000008ad00000, 0x000000008ae00000|  0%| F|  |TAMS 0x000000008ad00000, 0x000000008ad00000| Untracked 
| 174|0x000000008ae00000, 0x000000008af00000, 0x000000008af00000|100%| O|  |TAMS 0x000000008af00000, 0x000000008ae00000| Untracked 
| 175|0x000000008af00000, 0x000000008b000000, 0x000000008b000000|100%| O|  |TAMS 0x000000008b000000, 0x000000008af00000| Untracked 
| 176|0x000000008b000000, 0x000000008b100000, 0x000000008b100000|100%| O|  |TAMS 0x000000008b100000, 0x000000008b000000| Untracked 
| 177|0x000000008b100000, 0x000000008b200000, 0x000000008b200000|100%| O|  |TAMS 0x000000008b200000, 0x000000008b100000| Complete 
| 178|0x000000008b200000, 0x000000008b300000, 0x000000008b300000|100%| O|  |TAMS 0x000000008b300000, 0x000000008b200000| Complete 
| 179|0x000000008b300000, 0x000000008b400000, 0x000000008b400000|100%| O|  |TAMS 0x000000008b300000, 0x000000008b300000| Untracked 
| 180|0x000000008b400000, 0x000000008b500000, 0x000000008b500000|100%| O|  |TAMS 0x000000008b500000, 0x000000008b400000| Untracked 
| 181|0x000000008b500000, 0x000000008b600000, 0x000000008b600000|100%| O|  |TAMS 0x000000008b600000, 0x000000008b500000| Untracked 
| 182|0x000000008b600000, 0x000000008b700000, 0x000000008b700000|100%| O|  |TAMS 0x000000008b700000, 0x000000008b600000| Untracked 
| 183|0x000000008b700000, 0x000000008b800000, 0x000000008b800000|100%| O|  |TAMS 0x000000008b800000, 0x000000008b700000| Untracked 
| 184|0x000000008b800000, 0x000000008b900000, 0x000000008b900000|100%| O|  |TAMS 0x000000008b800000, 0x000000008b800000| Untracked 
| 185|0x000000008b900000, 0x000000008ba00000, 0x000000008ba00000|100%| O|  |TAMS 0x000000008b900000, 0x000000008b900000| Untracked 
| 186|0x000000008ba00000, 0x000000008bb00000, 0x000000008bb00000|100%|HS|  |TAMS 0x000000008ba00000, 0x000000008ba00000| Complete 
| 187|0x000000008bb00000, 0x000000008bc00000, 0x000000008bc00000|100%| O|  |TAMS 0x000000008bc00000, 0x000000008bb00000| Untracked 
| 188|0x000000008bc00000, 0x000000008bd00000, 0x000000008bd00000|100%|HS|  |TAMS 0x000000008bc00000, 0x000000008bc00000| Complete 
| 189|0x000000008bd00000, 0x000000008be00000, 0x000000008be00000|100%| O|  |TAMS 0x000000008be00000, 0x000000008bd00000| Complete 
| 190|0x000000008be00000, 0x000000008bf00000, 0x000000008bf00000|100%|HS|  |TAMS 0x000000008be00000, 0x000000008be00000| Complete 
| 191|0x000000008bf00000, 0x000000008c000000, 0x000000008c000000|100%| O|  |TAMS 0x000000008c000000, 0x000000008bf00000| Complete 
| 192|0x000000008c000000, 0x000000008c100000, 0x000000008c100000|100%| O|  |TAMS 0x000000008c100000, 0x000000008c000000| Untracked 
| 193|0x000000008c100000, 0x000000008c200000, 0x000000008c200000|100%| O|  |TAMS 0x000000008c200000, 0x000000008c100000| Complete 
| 194|0x000000008c200000, 0x000000008c300000, 0x000000008c300000|100%| O|  |TAMS 0x000000008c300000, 0x000000008c200000| Untracked 
| 195|0x000000008c300000, 0x000000008c400000, 0x000000008c400000|100%| O|  |TAMS 0x000000008c400000, 0x000000008c300000| Untracked 
| 196|0x000000008c400000, 0x000000008c500000, 0x000000008c500000|100%| O|  |TAMS 0x000000008c500000, 0x000000008c400000| Complete 
| 197|0x000000008c500000, 0x000000008c600000, 0x000000008c600000|100%|HS|  |TAMS 0x000000008c500000, 0x000000008c500000| Complete 
| 198|0x000000008c600000, 0x000000008c700000, 0x000000008c700000|100%|HC|  |TAMS 0x000000008c600000, 0x000000008c600000| Complete 
| 199|0x000000008c700000, 0x000000008c800000, 0x000000008c800000|100%|HS|  |TAMS 0x000000008c700000, 0x000000008c700000| Complete 
| 200|0x000000008c800000, 0x000000008c900000, 0x000000008c900000|100%|HS|  |TAMS 0x000000008c900000, 0x000000008c800000| Complete 
| 201|0x000000008c900000, 0x000000008ca00000, 0x000000008ca00000|100%| O|  |TAMS 0x000000008ca00000, 0x000000008c900000| Complete 
| 202|0x000000008ca00000, 0x000000008cb00000, 0x000000008cb00000|100%| O|  |TAMS 0x000000008cb00000, 0x000000008ca00000| Complete 
| 203|0x000000008cb00000, 0x000000008cc00000, 0x000000008cc00000|100%| O|  |TAMS 0x000000008cc00000, 0x000000008cb00000| Untracked 
| 204|0x000000008cc00000, 0x000000008cd00000, 0x000000008cd00000|100%| O|  |TAMS 0x000000008cd00000, 0x000000008cc00000| Complete 
| 205|0x000000008cd00000, 0x000000008ce00000, 0x000000008ce00000|100%| O|  |TAMS 0x000000008ce00000, 0x000000008cd00000| Complete 
| 206|0x000000008ce00000, 0x000000008ce00000, 0x000000008cf00000|  0%| F|  |TAMS 0x000000008ce00000, 0x000000008ce00000| Untracked 
| 207|0x000000008cf00000, 0x000000008cf00000, 0x000000008d000000|  0%| F|  |TAMS 0x000000008cf00000, 0x000000008cf00000| Untracked 
| 208|0x000000008d000000, 0x000000008d100000, 0x000000008d100000|100%| O|  |TAMS 0x000000008d100000, 0x000000008d000000| Untracked 
| 209|0x000000008d100000, 0x000000008d200000, 0x000000008d200000|100%| O|  |TAMS 0x000000008d200000, 0x000000008d100000| Untracked 
| 210|0x000000008d200000, 0x000000008d300000, 0x000000008d300000|100%| O|  |TAMS 0x000000008d300000, 0x000000008d200000| Untracked 
| 211|0x000000008d300000, 0x000000008d400000, 0x000000008d400000|100%| O|  |TAMS 0x000000008d400000, 0x000000008d300000| Untracked 
| 212|0x000000008d400000, 0x000000008d400000, 0x000000008d500000|  0%| F|  |TAMS 0x000000008d400000, 0x000000008d400000| Untracked 
| 213|0x000000008d500000, 0x000000008d600000, 0x000000008d600000|100%| O|  |TAMS 0x000000008d600000, 0x000000008d500000| Untracked 
| 214|0x000000008d600000, 0x000000008d700000, 0x000000008d700000|100%| O|  |TAMS 0x000000008d700000, 0x000000008d600000| Untracked 
| 215|0x000000008d700000, 0x000000008d800000, 0x000000008d800000|100%| O|  |TAMS 0x000000008d700000, 0x000000008d700000| Untracked 
| 216|0x000000008d800000, 0x000000008d900000, 0x000000008d900000|100%| O|  |TAMS 0x000000008d900000, 0x000000008d800000| Untracked 
| 217|0x000000008d900000, 0x000000008da00000, 0x000000008da00000|100%| O|  |TAMS 0x000000008da00000, 0x000000008d900000| Untracked 
| 218|0x000000008da00000, 0x000000008da00000, 0x000000008db00000|  0%| F|  |TAMS 0x000000008da00000, 0x000000008da00000| Untracked 
| 219|0x000000008db00000, 0x000000008dc00000, 0x000000008dc00000|100%| O|  |TAMS 0x000000008dc00000, 0x000000008db00000| Untracked 
| 220|0x000000008dc00000, 0x000000008dd00000, 0x000000008dd00000|100%| O|  |TAMS 0x000000008dd00000, 0x000000008dc00000| Untracked 
| 221|0x000000008dd00000, 0x000000008de00000, 0x000000008de00000|100%| O|  |TAMS 0x000000008de00000, 0x000000008dd00000| Untracked 
| 222|0x000000008de00000, 0x000000008df00000, 0x000000008df00000|100%| O|  |TAMS 0x000000008df00000, 0x000000008de00000| Untracked 
| 223|0x000000008df00000, 0x000000008e000000, 0x000000008e000000|100%| O|  |TAMS 0x000000008e000000, 0x000000008df00000| Untracked 
| 224|0x000000008e000000, 0x000000008e100000, 0x000000008e100000|100%| O|  |TAMS 0x000000008e100000, 0x000000008e000000| Untracked 
| 225|0x000000008e100000, 0x000000008e200000, 0x000000008e200000|100%| O|  |TAMS 0x000000008e100000, 0x000000008e100000| Untracked 
| 226|0x000000008e200000, 0x000000008e200000, 0x000000008e300000|  0%| F|  |TAMS 0x000000008e200000, 0x000000008e200000| Untracked 
| 227|0x000000008e300000, 0x000000008e400000, 0x000000008e400000|100%| O|  |TAMS 0x000000008e400000, 0x000000008e300000| Untracked 
| 228|0x000000008e400000, 0x000000008e500000, 0x000000008e500000|100%| O|  |TAMS 0x000000008e500000, 0x000000008e400000| Untracked 
| 229|0x000000008e500000, 0x000000008e600000, 0x000000008e600000|100%| O|  |TAMS 0x000000008e600000, 0x000000008e500000| Untracked 
| 230|0x000000008e600000, 0x000000008e700000, 0x000000008e700000|100%| O|  |TAMS 0x000000008e700000, 0x000000008e600000| Complete 
| 231|0x000000008e700000, 0x000000008e700000, 0x000000008e800000|  0%| F|  |TAMS 0x000000008e700000, 0x000000008e700000| Untracked 
| 232|0x000000008e800000, 0x000000008e900000, 0x000000008e900000|100%| O|  |TAMS 0x000000008e900000, 0x000000008e800000| Untracked 
| 233|0x000000008e900000, 0x000000008e900000, 0x000000008ea00000|  0%| F|  |TAMS 0x000000008e900000, 0x000000008e900000| Untracked 
| 234|0x000000008ea00000, 0x000000008eb00000, 0x000000008eb00000|100%| O|  |TAMS 0x000000008eb00000, 0x000000008ea00000| Untracked 
| 235|0x000000008eb00000, 0x000000008ec00000, 0x000000008ec00000|100%| O|  |TAMS 0x000000008ec00000, 0x000000008eb00000| Untracked 
| 236|0x000000008ec00000, 0x000000008ec00000, 0x000000008ed00000|  0%| F|  |TAMS 0x000000008ec00000, 0x000000008ec00000| Untracked 
| 237|0x000000008ed00000, 0x000000008ee00000, 0x000000008ee00000|100%| O|  |TAMS 0x000000008ee00000, 0x000000008ed00000| Untracked 
| 238|0x000000008ee00000, 0x000000008ef00000, 0x000000008ef00000|100%| O|  |TAMS 0x000000008ef00000, 0x000000008ee00000| Untracked 
| 239|0x000000008ef00000, 0x000000008f000000, 0x000000008f000000|100%| O|  |TAMS 0x000000008f000000, 0x000000008ef00000| Untracked 
| 240|0x000000008f000000, 0x000000008f100000, 0x000000008f100000|100%| O|  |TAMS 0x000000008f100000, 0x000000008f000000| Untracked 
| 241|0x000000008f100000, 0x000000008f200000, 0x000000008f200000|100%| O|  |TAMS 0x000000008f200000, 0x000000008f100000| Complete 
| 242|0x000000008f200000, 0x000000008f300000, 0x000000008f300000|100%| O|  |TAMS 0x000000008f300000, 0x000000008f200000| Untracked 
| 243|0x000000008f300000, 0x000000008f300000, 0x000000008f400000|  0%| F|  |TAMS 0x000000008f300000, 0x000000008f300000| Untracked 
| 244|0x000000008f400000, 0x000000008f400000, 0x000000008f500000|  0%| F|  |TAMS 0x000000008f400000, 0x000000008f400000| Untracked 
| 245|0x000000008f500000, 0x000000008f600000, 0x000000008f600000|100%| O|  |TAMS 0x000000008f600000, 0x000000008f500000| Complete 
| 246|0x000000008f600000, 0x000000008f700000, 0x000000008f700000|100%| O|  |TAMS 0x000000008f700000, 0x000000008f600000| Untracked 
| 247|0x000000008f700000, 0x000000008f800000, 0x000000008f800000|100%| O|  |TAMS 0x000000008f800000, 0x000000008f700000| Untracked 
| 248|0x000000008f800000, 0x000000008f900000, 0x000000008f900000|100%| O|  |TAMS 0x000000008f900000, 0x000000008f800000| Untracked 
| 249|0x000000008f900000, 0x000000008fa00000, 0x000000008fa00000|100%| O|  |TAMS 0x000000008fa00000, 0x000000008f900000| Complete 
| 250|0x000000008fa00000, 0x000000008fb00000, 0x000000008fb00000|100%| O|  |TAMS 0x000000008fb00000, 0x000000008fa00000| Untracked 
| 251|0x000000008fb00000, 0x000000008fc00000, 0x000000008fc00000|100%| O|  |TAMS 0x000000008fc00000, 0x000000008fb00000| Complete 
| 252|0x000000008fc00000, 0x000000008fd00000, 0x000000008fd00000|100%| O|  |TAMS 0x000000008fd00000, 0x000000008fc00000| Untracked 
| 253|0x000000008fd00000, 0x000000008fd00000, 0x000000008fe00000|  0%| F|  |TAMS 0x000000008fd00000, 0x000000008fd00000| Untracked 
| 254|0x000000008fe00000, 0x000000008fe00000, 0x000000008ff00000|  0%| F|  |TAMS 0x000000008fe00000, 0x000000008fe00000| Untracked 
| 255|0x000000008ff00000, 0x0000000090000000, 0x0000000090000000|100%|HS|  |TAMS 0x000000008ff00000, 0x000000008ff00000| Complete 
| 256|0x0000000090000000, 0x0000000090100000, 0x0000000090100000|100%|HC|  |TAMS 0x0000000090000000, 0x0000000090000000| Complete 
| 257|0x0000000090100000, 0x0000000090200000, 0x0000000090200000|100%|HS|  |TAMS 0x0000000090100000, 0x0000000090100000| Complete 
| 258|0x0000000090200000, 0x0000000090300000, 0x0000000090300000|100%|HC|  |TAMS 0x0000000090200000, 0x0000000090200000| Complete 
| 259|0x0000000090300000, 0x0000000090400000, 0x0000000090400000|100%| O|  |TAMS 0x0000000090300000, 0x0000000090300000| Untracked 
| 260|0x0000000090400000, 0x0000000090500000, 0x0000000090500000|100%| O|  |TAMS 0x0000000090400000, 0x0000000090400000| Untracked 
| 261|0x0000000090500000, 0x0000000090600000, 0x0000000090600000|100%| O|  |TAMS 0x0000000090500000, 0x0000000090500000| Untracked 
| 262|0x0000000090600000, 0x0000000090700000, 0x0000000090700000|100%| O|  |TAMS 0x0000000090600000, 0x0000000090600000| Untracked 
| 263|0x0000000090700000, 0x0000000090800000, 0x0000000090800000|100%| O|  |TAMS 0x0000000090700000, 0x0000000090700000| Untracked 
| 264|0x0000000090800000, 0x0000000090900000, 0x0000000090900000|100%| O|  |TAMS 0x0000000090800000, 0x0000000090800000| Untracked 
| 265|0x0000000090900000, 0x0000000090a00000, 0x0000000090a00000|100%| O|  |TAMS 0x0000000090900000, 0x0000000090900000| Untracked 
| 266|0x0000000090a00000, 0x0000000090b00000, 0x0000000090b00000|100%| O|  |TAMS 0x0000000090a00000, 0x0000000090a00000| Untracked 
| 267|0x0000000090b00000, 0x0000000090c00000, 0x0000000090c00000|100%| O|  |TAMS 0x0000000090b00000, 0x0000000090b00000| Untracked 
| 268|0x0000000090c00000, 0x0000000090d00000, 0x0000000090d00000|100%| O|  |TAMS 0x0000000090c00000, 0x0000000090c00000| Untracked 
| 269|0x0000000090d00000, 0x0000000090e00000, 0x0000000090e00000|100%| O|  |TAMS 0x0000000090d00000, 0x0000000090d00000| Untracked 
| 270|0x0000000090e00000, 0x0000000090f00000, 0x0000000090f00000|100%| O|  |TAMS 0x0000000090e00000, 0x0000000090e00000| Untracked 
| 271|0x0000000090f00000, 0x0000000091000000, 0x0000000091000000|100%| O|  |TAMS 0x0000000090f00000, 0x0000000090f00000| Untracked 
| 272|0x0000000091000000, 0x0000000091000000, 0x0000000091100000|  0%| F|  |TAMS 0x0000000091000000, 0x0000000091000000| Untracked 
| 273|0x0000000091100000, 0x0000000091100000, 0x0000000091200000|  0%| F|  |TAMS 0x0000000091100000, 0x0000000091100000| Untracked 
| 274|0x0000000091200000, 0x0000000091200000, 0x0000000091300000|  0%| F|  |TAMS 0x0000000091200000, 0x0000000091200000| Untracked 
| 275|0x0000000091300000, 0x0000000091300000, 0x0000000091400000|  0%| F|  |TAMS 0x0000000091300000, 0x0000000091300000| Untracked 
| 276|0x0000000091400000, 0x0000000091400000, 0x0000000091500000|  0%| F|  |TAMS 0x0000000091400000, 0x0000000091400000| Untracked 
| 277|0x0000000091500000, 0x0000000091500000, 0x0000000091600000|  0%| F|  |TAMS 0x0000000091500000, 0x0000000091500000| Untracked 
| 278|0x0000000091600000, 0x0000000091600000, 0x0000000091700000|  0%| F|  |TAMS 0x0000000091600000, 0x0000000091600000| Untracked 
| 279|0x0000000091700000, 0x0000000091700000, 0x0000000091800000|  0%| F|  |TAMS 0x0000000091700000, 0x0000000091700000| Untracked 
| 280|0x0000000091800000, 0x0000000091800000, 0x0000000091900000|  0%| F|  |TAMS 0x0000000091800000, 0x0000000091800000| Untracked 
| 281|0x0000000091900000, 0x0000000091900000, 0x0000000091a00000|  0%| F|  |TAMS 0x0000000091900000, 0x0000000091900000| Untracked 
| 282|0x0000000091a00000, 0x0000000091a00000, 0x0000000091b00000|  0%| F|  |TAMS 0x0000000091a00000, 0x0000000091a00000| Untracked 
| 283|0x0000000091b00000, 0x0000000091b00000, 0x0000000091c00000|  0%| F|  |TAMS 0x0000000091b00000, 0x0000000091b00000| Untracked 
| 284|0x0000000091c00000, 0x0000000091c00000, 0x0000000091d00000|  0%| F|  |TAMS 0x0000000091c00000, 0x0000000091c00000| Untracked 
| 285|0x0000000091d00000, 0x0000000091d00000, 0x0000000091e00000|  0%| F|  |TAMS 0x0000000091d00000, 0x0000000091d00000| Untracked 
| 286|0x0000000091e00000, 0x0000000091e00000, 0x0000000091f00000|  0%| F|  |TAMS 0x0000000091e00000, 0x0000000091e00000| Untracked 
| 287|0x0000000091f00000, 0x0000000091f00000, 0x0000000092000000|  0%| F|  |TAMS 0x0000000091f00000, 0x0000000091f00000| Untracked 
| 288|0x0000000092000000, 0x0000000092000000, 0x0000000092100000|  0%| F|  |TAMS 0x0000000092000000, 0x0000000092000000| Untracked 
| 289|0x0000000092100000, 0x0000000092100000, 0x0000000092200000|  0%| F|  |TAMS 0x0000000092100000, 0x0000000092100000| Untracked 
| 290|0x0000000092200000, 0x0000000092200000, 0x0000000092300000|  0%| F|  |TAMS 0x0000000092200000, 0x0000000092200000| Untracked 
| 291|0x0000000092300000, 0x0000000092300000, 0x0000000092400000|  0%| F|  |TAMS 0x0000000092300000, 0x0000000092300000| Untracked 
| 292|0x0000000092400000, 0x0000000092400000, 0x0000000092500000|  0%| F|  |TAMS 0x0000000092400000, 0x0000000092400000| Untracked 
| 293|0x0000000092500000, 0x0000000092500000, 0x0000000092600000|  0%| F|  |TAMS 0x0000000092500000, 0x0000000092500000| Untracked 
| 294|0x0000000092600000, 0x0000000092600000, 0x0000000092700000|  0%| F|  |TAMS 0x0000000092600000, 0x0000000092600000| Untracked 
| 295|0x0000000092700000, 0x0000000092700000, 0x0000000092800000|  0%| F|  |TAMS 0x0000000092700000, 0x0000000092700000| Untracked 
| 296|0x0000000092800000, 0x0000000092800000, 0x0000000092900000|  0%| F|  |TAMS 0x0000000092800000, 0x0000000092800000| Untracked 
| 297|0x0000000092900000, 0x0000000092900000, 0x0000000092a00000|  0%| F|  |TAMS 0x0000000092900000, 0x0000000092900000| Untracked 
| 298|0x0000000092a00000, 0x0000000092a00000, 0x0000000092b00000|  0%| F|  |TAMS 0x0000000092a00000, 0x0000000092a00000| Untracked 
| 299|0x0000000092b00000, 0x0000000092b00000, 0x0000000092c00000|  0%| F|  |TAMS 0x0000000092b00000, 0x0000000092b00000| Untracked 
| 300|0x0000000092c00000, 0x0000000092c00000, 0x0000000092d00000|  0%| F|  |TAMS 0x0000000092c00000, 0x0000000092c00000| Untracked 
| 301|0x0000000092d00000, 0x0000000092d00000, 0x0000000092e00000|  0%| F|  |TAMS 0x0000000092d00000, 0x0000000092d00000| Untracked 
| 302|0x0000000092e00000, 0x0000000092e00000, 0x0000000092f00000|  0%| F|  |TAMS 0x0000000092e00000, 0x0000000092e00000| Untracked 
| 303|0x0000000092f00000, 0x0000000093000000, 0x0000000093000000|100%| S|CS|TAMS 0x0000000092f00000, 0x0000000092f00000| Complete 
| 304|0x0000000093000000, 0x0000000093100000, 0x0000000093100000|100%| S|CS|TAMS 0x0000000093000000, 0x0000000093000000| Complete 
| 305|0x0000000093100000, 0x0000000093100000, 0x0000000093200000|  0%| F|  |TAMS 0x0000000093100000, 0x0000000093100000| Untracked 
| 306|0x0000000093200000, 0x0000000093200000, 0x0000000093300000|  0%| F|  |TAMS 0x0000000093200000, 0x0000000093200000| Untracked 
| 307|0x0000000093300000, 0x0000000093300000, 0x0000000093400000|  0%| F|  |TAMS 0x0000000093300000, 0x0000000093300000| Untracked 
| 308|0x0000000093400000, 0x0000000093400000, 0x0000000093500000|  0%| F|  |TAMS 0x0000000093400000, 0x0000000093400000| Untracked 
| 309|0x0000000093500000, 0x0000000093500000, 0x0000000093600000|  0%| F|  |TAMS 0x0000000093500000, 0x0000000093500000| Untracked 
| 310|0x0000000093600000, 0x0000000093600000, 0x0000000093700000|  0%| F|  |TAMS 0x0000000093600000, 0x0000000093600000| Untracked 
| 311|0x0000000093700000, 0x0000000093700000, 0x0000000093800000|  0%| F|  |TAMS 0x0000000093700000, 0x0000000093700000| Untracked 
| 312|0x0000000093800000, 0x0000000093800000, 0x0000000093900000|  0%| F|  |TAMS 0x0000000093800000, 0x0000000093800000| Untracked 
| 313|0x0000000093900000, 0x0000000093900000, 0x0000000093a00000|  0%| F|  |TAMS 0x0000000093900000, 0x0000000093900000| Untracked 
| 314|0x0000000093a00000, 0x0000000093a00000, 0x0000000093b00000|  0%| F|  |TAMS 0x0000000093a00000, 0x0000000093a00000| Untracked 
| 315|0x0000000093b00000, 0x0000000093b00000, 0x0000000093c00000|  0%| F|  |TAMS 0x0000000093b00000, 0x0000000093b00000| Untracked 
| 316|0x0000000093c00000, 0x0000000093c00000, 0x0000000093d00000|  0%| F|  |TAMS 0x0000000093c00000, 0x0000000093c00000| Untracked 
| 317|0x0000000093d00000, 0x0000000093d00000, 0x0000000093e00000|  0%| F|  |TAMS 0x0000000093d00000, 0x0000000093d00000| Untracked 
| 318|0x0000000093e00000, 0x0000000093e00000, 0x0000000093f00000|  0%| F|  |TAMS 0x0000000093e00000, 0x0000000093e00000| Untracked 
| 319|0x0000000093f00000, 0x0000000093f00000, 0x0000000094000000|  0%| F|  |TAMS 0x0000000093f00000, 0x0000000093f00000| Untracked 
| 320|0x0000000094000000, 0x0000000094000000, 0x0000000094100000|  0%| F|  |TAMS 0x0000000094000000, 0x0000000094000000| Untracked 

Card table byte_map: [0x000001e8f23d0000,0x000001e8f27d0000] _byte_map_base: 0x000001e8f1fd0000

Marking Bits (Prev, Next): (CMBitMap*) 0x000001e8ee4ffcd0, (CMBitMap*) 0x000001e8ee4ffc98
 Prev Bits: [0x000001e8f4bd0000, 0x000001e8f6bd0000)
 Next Bits: [0x000001e8f2bd0000, 0x000001e8f4bd0000)

Polling page: 0x000001e8edca0000

Metaspace:

Usage:
  Non-class:    152.35 MB capacity,   149.49 MB ( 98%) used,     2.35 MB (  2%) free+waste,   523.25 KB ( <1%) overhead. 
      Class:     22.43 MB capacity,    20.89 MB ( 93%) used,     1.32 MB (  6%) free+waste,   225.31 KB ( <1%) overhead. 
       Both:    174.78 MB capacity,   170.38 MB ( 97%) used,     3.67 MB (  2%) free+waste,   748.56 KB ( <1%) overhead. 

Virtual space:
  Non-class space:      154.00 MB reserved,     152.45 MB ( 99%) committed 
      Class space:        1.00 GB reserved,      22.45 MB (  2%) committed 
             Both:        1.15 GB reserved,     174.90 MB ( 15%) committed 

Chunk freelists:
   Non-Class:  37.00 KB
       Class:  10.00 KB
        Both:  47.00 KB

MaxMetaspaceSize: 17179869184.00 GB
CompressedClassSpaceSize: 1.00 GB
Initial GC threshold: 20.80 MB
Current GC threshold: 290.66 MB
CDS: off

CodeHeap 'non-profiled nmethods': size=120064Kb used=18297Kb max_used=18297Kb free=101767Kb
 bounds [0x000001e887ac0000, 0x000001e888ca0000, 0x000001e88f000000]
CodeHeap 'profiled nmethods': size=120000Kb used=52774Kb max_used=52774Kb free=67226Kb
 bounds [0x000001e880590000, 0x000001e883920000, 0x000001e887ac0000]
CodeHeap 'non-nmethods': size=5696Kb used=2593Kb max_used=2652Kb free=3102Kb
 bounds [0x000001e880000000, 0x000001e8802a0000, 0x000001e880590000]
 total_blobs=24608 nmethods=23454 adapters=1065
 compilation: enabled
              stopped_count=0, restarted_count=0
 full_count=0

Compilation events (20 events):
Event: 4413.723 Thread 0x000001e8f9a7c000 26336       2       com.android.tools.r8.graph.e1::isEmpty (14 bytes)
Event: 4413.723 Thread 0x000001e8f9a7c000 nmethod 26336 0x000001e883918290 code [0x000001e883918440, 0x000001e883918558]
Event: 4413.723 Thread 0x000001e8f9a7c000 26335       2       com.android.tools.r8.internal.ij::a (19 bytes)
Event: 4413.724 Thread 0x000001e8f9a7c000 nmethod 26335 0x000001e883918610 code [0x000001e8839187e0, 0x000001e883918998]
Event: 4413.724 Thread 0x000001e8f9a7c000 26337       2       com.android.tools.r8.graph.e0$$Lambda$1782/0x0000000101665840::apply (8 bytes)
Event: 4413.725 Thread 0x000001e8f9a7c000 nmethod 26337 0x000001e883918b10 code [0x000001e883918cc0, 0x000001e883918df8]
Event: 4413.725 Thread 0x000001e8f9a7c000 26338       2       com.android.tools.r8.internal.kV$$Lambda$1783/0x0000000101665c40::apply (8 bytes)
Event: 4413.725 Thread 0x000001e8f9a7c000 nmethod 26338 0x000001e883918f10 code [0x000001e8839190e0, 0x000001e883919468]
Event: 4413.725 Thread 0x000001e8f9a7c000 26339       2       com.android.tools.r8.internal.kV::b (10 bytes)
Event: 4413.725 Thread 0x000001e8f9a7c000 nmethod 26339 0x000001e883919610 code [0x000001e8839197e0, 0x000001e883919ae8]
Event: 4413.725 Thread 0x000001e8f9a7c000 26340       2       com.android.tools.r8.graph.i1$g::equals (34 bytes)
Event: 4413.726 Thread 0x000001e8f9a7c000 nmethod 26340 0x000001e883919c10 code [0x000001e883919dc0, 0x000001e883919f78]
Event: 4413.726 Thread 0x000001e8f9a7c000 26341       2       com.android.tools.r8.graph.e0$$Lambda$1786/0x0000000101664840::apply (8 bytes)
Event: 4413.726 Thread 0x000001e8f9a7c000 nmethod 26341 0x000001e88391a090 code [0x000001e88391a240, 0x000001e88391a378]
Event: 4413.728 Thread 0x000001e8f9a7c000 26344       2       com.android.tools.r8.graph.U::a (32 bytes)
Event: 4413.728 Thread 0x000001e8f9a7c000 nmethod 26344 0x000001e88391a490 code [0x000001e88391a680, 0x000001e88391a838]
Event: 4413.728 Thread 0x000001e8f9a7c000 26345       2       com.android.tools.r8.graph.U$b::a (10 bytes)
Event: 4413.728 Thread 0x000001e8f9a7c000 nmethod 26345 0x000001e88391a990 code [0x000001e88391ab60, 0x000001e88391ad88]
Event: 4413.728 Thread 0x000001e8f9a7c000 26346       2       com.android.tools.r8.graph.U$b::b (16 bytes)
Event: 4413.728 Thread 0x000001e8f9a7c000 nmethod 26346 0x000001e88391af10 code [0x000001e88391b0c0, 0x000001e88391b228]

GC Heap History (20 events):
Event: 4407.152 GC heap after
{Heap after GC invocations=153 (full 0):
 garbage-first heap   total 328704K, used 217546K [0x0000000080000000, 0x0000000100000000)
  region size 1024K, 11 young (11264K), 11 survivors (11264K)
 Metaspace       used 170634K, capacity 174765K, committed 174872K, reserved 1202176K
  class space    used 20906K, capacity 22311K, committed 22348K, reserved 1048576K
}
Event: 4407.543 GC heap before
{Heap before GC invocations=153 (full 0):
 garbage-first heap   total 328704K, used 222666K [0x0000000080000000, 0x0000000100000000)
  region size 1024K, 16 young (16384K), 11 survivors (11264K)
 Metaspace       used 170699K, capacity 174899K, committed 175128K, reserved 1202176K
  class space    used 20906K, capacity 22311K, committed 22348K, reserved 1048576K
}
Event: 4407.730 GC heap after
{Heap after GC invocations=154 (full 0):
 garbage-first heap   total 328704K, used 219895K [0x0000000080000000, 0x0000000100000000)
  region size 1024K, 2 young (2048K), 2 survivors (2048K)
 Metaspace       used 170699K, capacity 174899K, committed 175128K, reserved 1202176K
  class space    used 20906K, capacity 22311K, committed 22348K, reserved 1048576K
}
Event: 4408.803 GC heap before
{Heap before GC invocations=154 (full 0):
 garbage-first heap   total 328704K, used 266999K [0x0000000080000000, 0x0000000100000000)
  region size 1024K, 49 young (50176K), 2 survivors (2048K)
 Metaspace       used 170819K, capacity 174973K, committed 175128K, reserved 1202176K
  class space    used 20906K, capacity 22311K, committed 22348K, reserved 1048576K
}
Event: 4408.879 GC heap after
{Heap after GC invocations=155 (full 0):
 garbage-first heap   total 328704K, used 244198K [0x0000000080000000, 0x0000000100000000)
  region size 1024K, 7 young (7168K), 7 survivors (7168K)
 Metaspace       used 170819K, capacity 174973K, committed 175128K, reserved 1202176K
  class space    used 20906K, capacity 22311K, committed 22348K, reserved 1048576K
}
Event: 4410.687 GC heap before
{Heap before GC invocations=156 (full 0):
 garbage-first heap   total 328704K, used 271846K [0x0000000080000000, 0x0000000100000000)
  region size 1024K, 34 young (34816K), 7 survivors (7168K)
 Metaspace       used 172310K, capacity 176520K, committed 176664K, reserved 1204224K
  class space    used 21125K, capacity 22589K, committed 22604K, reserved 1048576K
}
Event: 4410.733 GC heap after
{Heap after GC invocations=157 (full 0):
 garbage-first heap   total 328704K, used 256000K [0x0000000080000000, 0x0000000100000000)
  region size 1024K, 5 young (5120K), 5 survivors (5120K)
 Metaspace       used 172310K, capacity 176520K, committed 176664K, reserved 1204224K
  class space    used 21125K, capacity 22589K, committed 22604K, reserved 1048576K
}
Event: 4410.902 GC heap before
{Heap before GC invocations=157 (full 0):
 garbage-first heap   total 328704K, used 266240K [0x0000000080000000, 0x0000000100000000)
  region size 1024K, 16 young (16384K), 5 survivors (5120K)
 Metaspace       used 172775K, capacity 177002K, committed 177304K, reserved 1204224K
  class space    used 21173K, capacity 22639K, committed 22732K, reserved 1048576K
}
Event: 4410.936 GC heap after
{Heap after GC invocations=158 (full 0):
 garbage-first heap   total 328704K, used 256512K [0x0000000080000000, 0x0000000100000000)
  region size 1024K, 2 young (2048K), 2 survivors (2048K)
 Metaspace       used 172775K, capacity 177002K, committed 177304K, reserved 1204224K
  class space    used 21173K, capacity 22639K, committed 22732K, reserved 1048576K
}
Event: 4411.261 GC heap before
{Heap before GC invocations=158 (full 0):
 garbage-first heap   total 328704K, used 274944K [0x0000000080000000, 0x0000000100000000)
  region size 1024K, 21 young (21504K), 2 survivors (2048K)
 Metaspace       used 173516K, capacity 177882K, committed 177944K, reserved 1204224K
  class space    used 21292K, capacity 22825K, committed 22860K, reserved 1048576K
}
Event: 4411.284 GC heap after
{Heap after GC invocations=159 (full 0):
 garbage-first heap   total 328704K, used 258699K [0x0000000080000000, 0x0000000100000000)
  region size 1024K, 3 young (3072K), 3 survivors (3072K)
 Metaspace       used 173516K, capacity 177882K, committed 177944K, reserved 1204224K
  class space    used 21292K, capacity 22825K, committed 22860K, reserved 1048576K
}
Event: 4411.865 GC heap before
{Heap before GC invocations=159 (full 0):
 garbage-first heap   total 328704K, used 278155K [0x0000000080000000, 0x0000000100000000)
  region size 1024K, 22 young (22528K), 3 survivors (3072K)
 Metaspace       used 173824K, capacity 178209K, committed 178584K, reserved 1204224K
  class space    used 21335K, capacity 22868K, committed 22988K, reserved 1048576K
}
Event: 4411.876 GC heap after
{Heap after GC invocations=160 (full 0):
 garbage-first heap   total 328704K, used 260831K [0x0000000080000000, 0x0000000100000000)
  region size 1024K, 3 young (3072K), 3 survivors (3072K)
 Metaspace       used 173824K, capacity 178209K, committed 178584K, reserved 1204224K
  class space    used 21335K, capacity 22868K, committed 22988K, reserved 1048576K
}
Event: 4412.310 GC heap before
{Heap before GC invocations=160 (full 0):
 garbage-first heap   total 328704K, used 271071K [0x0000000080000000, 0x0000000100000000)
  region size 1024K, 22 young (22528K), 3 survivors (3072K)
 Metaspace       used 174063K, capacity 178502K, committed 178840K, reserved 1206272K
  class space    used 21350K, capacity 22898K, committed 22988K, reserved 1048576K
}
Event: 4412.326 GC heap after
{Heap after GC invocations=161 (full 0):
 garbage-first heap   total 328704K, used 254306K [0x0000000080000000, 0x0000000100000000)
  region size 1024K, 2 young (2048K), 2 survivors (2048K)
 Metaspace       used 174063K, capacity 178502K, committed 178840K, reserved 1206272K
  class space    used 21350K, capacity 22898K, committed 22988K, reserved 1048576K
}
Event: 4412.744 GC heap before
{Heap before GC invocations=162 (full 0):
 garbage-first heap   total 328704K, used 282978K [0x0000000080000000, 0x0000000100000000)
  region size 1024K, 24 young (24576K), 2 survivors (2048K)
 Metaspace       used 174075K, capacity 178503K, committed 178840K, reserved 1206272K
  class space    used 21350K, capacity 22898K, committed 22988K, reserved 1048576K
}
Event: 4412.763 GC heap after
{Heap after GC invocations=163 (full 0):
 garbage-first heap   total 328704K, used 260611K [0x0000000080000000, 0x0000000100000000)
  region size 1024K, 2 young (2048K), 2 survivors (2048K)
 Metaspace       used 174075K, capacity 178503K, committed 178840K, reserved 1206272K
  class space    used 21350K, capacity 22898K, committed 22988K, reserved 1048576K
}
Event: 4413.211 GC heap before
{Heap before GC invocations=163 (full 0):
 garbage-first heap   total 328704K, used 278019K [0x0000000080000000, 0x0000000100000000)
  region size 1024K, 16 young (16384K), 2 survivors (2048K)
 Metaspace       used 174309K, capacity 178792K, committed 178840K, reserved 1206272K
  class space    used 21376K, capacity 22948K, committed 22988K, reserved 1048576K
}
Event: 4413.280 GC heap after
{Heap after GC invocations=164 (full 0):
 garbage-first heap   total 328704K, used 258609K [0x0000000080000000, 0x0000000100000000)
  region size 1024K, 1 young (1024K), 1 survivors (1024K)
 Metaspace       used 174309K, capacity 178792K, committed 178840K, reserved 1206272K
  class space    used 21376K, capacity 22948K, committed 22988K, reserved 1048576K
}
Event: 4413.742 GC heap before
{Heap before GC invocations=164 (full 0):
 garbage-first heap   total 328704K, used 273969K [0x0000000080000000, 0x0000000100000000)
  region size 1024K, 16 young (16384K), 1 survivors (1024K)
 Metaspace       used 174470K, capacity 178973K, committed 179096K, reserved 1206272K
  class space    used 21393K, capacity 22966K, committed 22988K, reserved 1048576K
}

Deoptimization events (20 events):
Event: 4413.640 Thread 0x000001e892d90000 DEOPT PACKING pc=0x000001e8838f9a1d sp=0x00000008fdefe4a0
Event: 4413.640 Thread 0x000001e892d90000 DEOPT UNPACKING pc=0x000001e88004a95e sp=0x00000008fdefd990 mode 0
Event: 4413.645 Thread 0x000001e892d90000 DEOPT PACKING pc=0x000001e8838f9a1d sp=0x00000008fdefe470
Event: 4413.645 Thread 0x000001e892d90000 DEOPT UNPACKING pc=0x000001e88004a95e sp=0x00000008fdefd960 mode 0
Event: 4413.648 Thread 0x000001e892d90000 DEOPT PACKING pc=0x000001e8838f9a1d sp=0x00000008fdefe470
Event: 4413.648 Thread 0x000001e892d90000 DEOPT UNPACKING pc=0x000001e88004a95e sp=0x00000008fdefd960 mode 0
Event: 4413.652 Thread 0x000001e892d90000 DEOPT PACKING pc=0x000001e8838f9a1d sp=0x00000008fdefe470
Event: 4413.652 Thread 0x000001e892d90000 DEOPT UNPACKING pc=0x000001e88004a95e sp=0x00000008fdefd960 mode 0
Event: 4413.655 Thread 0x000001e892d90000 Uncommon trap: trap_request=0xffffff4d fr.pc=0x000001e888c99310 relative=0x00000000000003b0
Event: 4413.655 Thread 0x000001e892d90000 Uncommon trap: reason=unstable_if action=reinterpret pc=0x000001e888c99310 method=com.android.tools.r8.internal.JO.a(Ljava/lang/Object;I)I @ 124 c2
Event: 4413.656 Thread 0x000001e892d90000 DEOPT PACKING pc=0x000001e888c99310 sp=0x00000008fdefe750
Event: 4413.656 Thread 0x000001e892d90000 DEOPT UNPACKING pc=0x000001e88004a1af sp=0x00000008fdefe710 mode 2
Event: 4413.694 Thread 0x000001e892d90000 Uncommon trap: trap_request=0xffffffbe fr.pc=0x000001e888c8de18 relative=0x0000000000000998
Event: 4413.694 Thread 0x000001e892d90000 Uncommon trap: reason=profile_predicate action=maybe_recompile pc=0x000001e888c8de18 method=com.android.tools.r8.internal.bc.a(Ljava/util/Iterator;Ljava/util/Iterator;Lcom/android/tools/r8/internal/hV;)I @ 5 c2
Event: 4413.694 Thread 0x000001e892d90000 DEOPT PACKING pc=0x000001e888c8de18 sp=0x00000008fdefdec0
Event: 4413.694 Thread 0x000001e892d90000 DEOPT UNPACKING pc=0x000001e88004a1af sp=0x00000008fdefde18 mode 2
Event: 4413.696 Thread 0x000001e892d90000 Uncommon trap: trap_request=0xffffff4d fr.pc=0x000001e888c8de38 relative=0x00000000000009b8
Event: 4413.696 Thread 0x000001e892d90000 Uncommon trap: reason=unstable_if action=reinterpret pc=0x000001e888c8de38 method=com.android.tools.r8.internal.ac.b(Ljava/util/function/Function;Lcom/android/tools/r8/internal/hV;Lcom/android/tools/r8/internal/iV$a;)Lcom/android/tools/r8/internal/kV; @ 4
Event: 4413.696 Thread 0x000001e892d90000 DEOPT PACKING pc=0x000001e888c8de38 sp=0x00000008fdefdec0
Event: 4413.696 Thread 0x000001e892d90000 DEOPT UNPACKING pc=0x000001e88004a1af sp=0x00000008fdefdea0 mode 2

Classes redefined (0 events):
No events

Internal exceptions (20 events):
Event: 4388.460 Thread 0x000001e8fa7c4000 Exception <a 'sun/nio/fs/WindowsException'{0x000000008ef8cd30}> (0x000000008ef8cd30) thrown at [./src/hotspot/share/prims/jni.cpp, line 615]
Event: 4402.848 Thread 0x000001e892d91800 Exception <a 'sun/nio/fs/WindowsException'{0x00000000933eea80}> (0x00000000933eea80) thrown at [./src/hotspot/share/prims/jni.cpp, line 615]
Event: 4402.966 Thread 0x000001e8fa7bd800 Exception <a 'sun/nio/fs/WindowsException'{0x00000000932ca1f8}> (0x00000000932ca1f8) thrown at [./src/hotspot/share/prims/jni.cpp, line 615]
Event: 4402.966 Thread 0x000001e8fa7bd800 Exception <a 'sun/nio/fs/WindowsException'{0x00000000931459a0}> (0x00000000931459a0) thrown at [./src/hotspot/share/prims/jni.cpp, line 615]
Event: 4402.966 Thread 0x000001e8fa7bd800 Exception <a 'sun/nio/fs/WindowsException'{0x0000000093145ce8}> (0x0000000093145ce8) thrown at [./src/hotspot/share/prims/jni.cpp, line 615]
Event: 4403.001 Thread 0x000001e8fa7bd800 Exception <a 'sun/nio/fs/WindowsException'{0x0000000093173668}> (0x0000000093173668) thrown at [./src/hotspot/share/prims/jni.cpp, line 615]
Event: 4403.001 Thread 0x000001e8fa7bd800 Exception <a 'sun/nio/fs/WindowsException'{0x0000000093174d50}> (0x0000000093174d50) thrown at [./src/hotspot/share/prims/jni.cpp, line 615]
Event: 4404.276 Thread 0x000001e892d91800 Exception <a 'java/lang/NoSuchMethodError'{0x0000000092a5e0e0}: 'java.lang.Object java.lang.invoke.DirectMethodHandle$Holder.invokeStaticInit(java.lang.Object, java.lang.Object, java.lang.Object, java.lang.Object, java.lang.Object, java.lang.Object, java.lang.Object, java.lang.Object, java.lang.Object, java.lang.Object, java.lang.Object, java.lang.Object, java.lang.Object, java.lang.Object, java.lang.Object, java.lang.Object, java.lang.Object, java.lang.Object, int, java.lang.Object, java.lang.Object)'> (0
Event: 4405.361 Thread 0x000001e892d90000 Exception <a 'java/lang/NoSuchMethodError'{0x000000008f7dd348}: 'java.lang.Object java.lang.invoke.DirectMethodHandle$Holder.newInvokeSpecial(java.lang.Object, int)'> (0x000000008f7dd348) thrown at [./src/hotspot/share/interpreter/linkResolver.cpp, line 773]
Event: 4406.692 Thread 0x000001e892d8d800 Exception <a 'java/lang/IncompatibleClassChangeError'{0x000000008f4fe0d0}: Found class java.lang.Object, but interface was expected> (0x000000008f4fe0d0) thrown at [./src/hotspot/share/interpreter/linkResolver.cpp, line 839]
Event: 4406.778 Thread 0x000001e892d92800 Exception <a 'java/lang/IncompatibleClassChangeError'{0x000000008f88c238}: Found class java.lang.Object, but interface was expected> (0x000000008f88c238) thrown at [./src/hotspot/share/interpreter/linkResolver.cpp, line 839]
Event: 4406.778 Thread 0x000001e892d90000 Exception <a 'java/lang/IncompatibleClassChangeError'{0x000000008f350c58}: Found class java.lang.Object, but interface was expected> (0x000000008f350c58) thrown at [./src/hotspot/share/interpreter/linkResolver.cpp, line 839]
Event: 4406.778 Thread 0x000001e892d92800 Exception <a 'java/lang/IncompatibleClassChangeError'{0x000000008f3562b8}: Found class java.lang.Object, but interface was expected> (0x000000008f3562b8) thrown at [./src/hotspot/share/interpreter/linkResolver.cpp, line 839]
Event: 4410.447 Thread 0x000001e892d91800 Exception <a 'java/lang/IncompatibleClassChangeError'{0x0000000092878b00}: Found class java.lang.Object, but interface was expected> (0x0000000092878b00) thrown at [./src/hotspot/share/interpreter/linkResolver.cpp, line 839]
Event: 4411.095 Thread 0x000001e892d91800 Exception <a 'java/lang/IncompatibleClassChangeError'{0x0000000093602a50}: Found class java.lang.Object, but interface was expected> (0x0000000093602a50) thrown at [./src/hotspot/share/interpreter/linkResolver.cpp, line 839]
Event: 4411.110 Thread 0x000001e892d91800 Exception <a 'java/lang/NoSuchMethodError'{0x000000009366e018}: 'java.lang.Object java.lang.invoke.Invokers$Holder.linkToTargetMethod(java.lang.Object, int, java.lang.Object, java.lang.Object, java.lang.Object, java.lang.Object)'> (0x000000009366e018) thrown at [./src/hotspot/share/interpreter/linkResolver.cpp, line 773]
Event: 4411.121 Thread 0x000001e892d91800 Exception <a 'java/lang/NoSuchMethodError'{0x00000000936adc98}: 'java.lang.Object java.lang.invoke.DirectMethodHandle$Holder.invokeStatic(java.lang.Object, java.lang.Object, java.lang.Object, java.lang.Object, int, java.lang.Object, java.lang.Object)'> (0x00000000936adc98) thrown at [./src/hotspot/share/interpreter/linkResolver.cpp, line 773]
Event: 4411.121 Thread 0x000001e892d91800 Exception <a 'java/lang/NoSuchMethodError'{0x00000000936b5240}: 'java.lang.Object java.lang.invoke.Invokers$Holder.linkToTargetMethod(java.lang.Object, java.lang.Object, java.lang.Object, int, java.lang.Object, java.lang.Object, java.lang.Object)'> (0x00000000936b5240) thrown at [./src/hotspot/share/interpreter/linkResolver.cpp, line 773]
Event: 4411.159 Thread 0x000001e892d91800 Exception <a 'java/lang/NoSuchMethodError'{0x00000000933a1418}: 'void java.lang.invoke.DirectMethodHandle$Holder.invokeStatic(java.lang.Object, java.lang.Object, java.lang.Object, java.lang.Object, java.lang.Object, java.lang.Object, java.lang.Object, java.lang.Object)'> (0x00000000933a1418) thrown at [./src/hotspot/share/interpreter/linkResolver.cpp, line 773]
Event: 4412.875 Thread 0x000001e892d91800 Exception <a 'java/lang/IncompatibleClassChangeError'{0x0000000093de9c20}: Found class java.lang.Object, but interface was expected> (0x0000000093de9c20) thrown at [./src/hotspot/share/interpreter/linkResolver.cpp, line 839]

Events (20 events):
Event: 4413.738 loading class com/android/tools/r8/internal/kV done
Event: 4413.738 loading class com/android/tools/r8/internal/kV
Event: 4413.738 loading class com/android/tools/r8/internal/kV done
Event: 4413.738 loading class com/android/tools/r8/internal/jV
Event: 4413.738 loading class com/android/tools/r8/internal/jV done
Event: 4413.739 loading class com/android/tools/r8/graph/U$d
Event: 4413.739 loading class com/android/tools/r8/graph/U$d done
Event: 4413.739 loading class com/android/tools/r8/graph/U$d
Event: 4413.739 loading class com/android/tools/r8/graph/U$d done
Event: 4413.739 loading class com/android/tools/r8/graph/U$d
Event: 4413.739 loading class com/android/tools/r8/graph/U$d done
Event: 4413.739 loading class com/android/tools/r8/graph/U$d
Event: 4413.739 loading class com/android/tools/r8/graph/U$d done
Event: 4413.739 loading class com/android/tools/r8/graph/U$d
Event: 4413.739 loading class com/android/tools/r8/graph/U$d done
Event: 4413.739 loading class com/android/tools/r8/graph/U$d
Event: 4413.739 loading class com/android/tools/r8/graph/U$d done
Event: 4413.739 loading class com/android/tools/r8/graph/U$d
Event: 4413.739 loading class com/android/tools/r8/graph/U$d done
Event: 4413.742 Executing VM operation: G1CollectForAllocation


Dynamic libraries:
0x00007ff693630000 - 0x00007ff69363a000 	C:\Program Files\Android\Android Studio\jre\bin\java.exe
0x00007ffb004c0000 - 0x00007ffb006c9000 	C:\WINDOWS\SYSTEM32\ntdll.dll
0x00007ffafeeb0000 - 0x00007ffafef6d000 	C:\WINDOWS\System32\KERNEL32.DLL
0x00007ffafdf40000 - 0x00007ffafe2b9000 	C:\WINDOWS\System32\KERNELBASE.dll
0x00007ffafdaa0000 - 0x00007ffafdbb1000 	C:\WINDOWS\System32\ucrtbase.dll
0x00007ffaeb4c0000 - 0x00007ffaeb4d9000 	C:\Program Files\Android\Android Studio\jre\bin\jli.dll
0x00007ffb002d0000 - 0x00007ffb0047c000 	C:\WINDOWS\System32\USER32.dll
0x00007ffafdbc0000 - 0x00007ffafdbe6000 	C:\WINDOWS\System32\win32u.dll
0x00007ffaff830000 - 0x00007ffaff859000 	C:\WINDOWS\System32\GDI32.dll
0x00007ffafde20000 - 0x00007ffafdf32000 	C:\WINDOWS\System32\gdi32full.dll
0x00007ffafe2c0000 - 0x00007ffafe35d000 	C:\WINDOWS\System32\msvcp_win.dll
0x00007ffaeb4a0000 - 0x00007ffaeb4b7000 	C:\Program Files\Android\Android Studio\jre\bin\VCRUNTIME140.dll
0x00007ffae7820000 - 0x00007ffae7ac5000 	C:\WINDOWS\WinSxS\amd64_microsoft.windows.common-controls_6595b64144ccf1df_6.0.22000.120_none_9d947278b86cc467\COMCTL32.dll
0x00007ffaffdb0000 - 0x00007ffaffe53000 	C:\WINDOWS\System32\msvcrt.dll
0x00007ffaff860000 - 0x00007ffaff891000 	C:\WINDOWS\System32\IMM32.DLL
0x00007ffadae40000 - 0x00007ffadaedd000 	C:\Program Files\Android\Android Studio\jre\bin\msvcp140.dll
0x00007ffa78560000 - 0x00007ffa79045000 	C:\Program Files\Android\Android Studio\jre\bin\server\jvm.dll
0x00007ffafed00000 - 0x00007ffafedae000 	C:\WINDOWS\System32\ADVAPI32.dll
0x00007ffaffd10000 - 0x00007ffaffdae000 	C:\WINDOWS\System32\sechost.dll
0x00007ffaff710000 - 0x00007ffaff830000 	C:\WINDOWS\System32\RPCRT4.dll
0x00007ffafeea0000 - 0x00007ffafeea8000 	C:\WINDOWS\System32\PSAPI.DLL
0x00007ffae7d30000 - 0x00007ffae7d39000 	C:\WINDOWS\SYSTEM32\WSOCK32.dll
0x00007ffaff470000 - 0x00007ffaff4df000 	C:\WINDOWS\System32\WS2_32.dll
0x00007ffaf8780000 - 0x00007ffaf87b3000 	C:\WINDOWS\SYSTEM32\WINMM.dll
0x00007ffaf8770000 - 0x00007ffaf877a000 	C:\WINDOWS\SYSTEM32\VERSION.dll
0x00007ffafcba0000 - 0x00007ffafcbb8000 	C:\WINDOWS\SYSTEM32\kernel.appcore.dll
0x00007ffad6800000 - 0x00007ffad6811000 	C:\Program Files\Android\Android Studio\jre\bin\verify.dll
0x00007ffafb6b0000 - 0x00007ffafb8d1000 	C:\WINDOWS\SYSTEM32\DBGHELP.DLL
0x00007ffaeaa50000 - 0x00007ffaeaa81000 	C:\WINDOWS\SYSTEM32\dbgcore.DLL
0x00007ffafd9b0000 - 0x00007ffafda2f000 	C:\WINDOWS\System32\bcryptPrimitives.dll
0x00007ffacda10000 - 0x00007ffacda39000 	C:\Program Files\Android\Android Studio\jre\bin\java.dll
0x00007ffaed640000 - 0x00007ffaed64b000 	C:\Program Files\Android\Android Studio\jre\bin\jimage.dll
0x00007ffad30a0000 - 0x00007ffad30b8000 	C:\Program Files\Android\Android Studio\jre\bin\zip.dll
0x00007ffafe380000 - 0x00007ffafeb2f000 	C:\WINDOWS\System32\SHELL32.dll
0x00007ffafbb30000 - 0x00007ffafc398000 	C:\WINDOWS\SYSTEM32\windows.storage.dll
0x00007ffaffe60000 - 0x00007ffb001d8000 	C:\WINDOWS\System32\combase.dll
0x00007ffafb9c0000 - 0x00007ffafbb26000 	C:\WINDOWS\SYSTEM32\wintypes.dll
0x00007ffafedb0000 - 0x00007ffafee9a000 	C:\WINDOWS\System32\SHCORE.dll
0x00007ffaff2f0000 - 0x00007ffaff34d000 	C:\WINDOWS\System32\shlwapi.dll
0x00007ffafd8e0000 - 0x00007ffafd901000 	C:\WINDOWS\SYSTEM32\profapi.dll
0x00007ffad27f0000 - 0x00007ffad280a000 	C:\Program Files\Android\Android Studio\jre\bin\net.dll
0x00007ffaf7ae0000 - 0x00007ffaf7bec000 	C:\WINDOWS\SYSTEM32\WINHTTP.dll
0x00007ffafcfd0000 - 0x00007ffafd037000 	C:\WINDOWS\system32\mswsock.dll
0x00007ffad0b20000 - 0x00007ffad0b34000 	C:\Program Files\Android\Android Studio\jre\bin\nio.dll
0x00007ffae68a0000 - 0x00007ffae68c7000 	C:\Users\villa\.gradle\native\e1d6ef7f7dcc3fd88c89a11ec53ec762bb8ba0a96d01ffa2cd45eb1d1d8dd5c5\windows-amd64\native-platform.dll
0x00007ffadacf0000 - 0x00007ffadae34000 	C:\Users\villa\.gradle\native\5664cfc778a61ccfe75a443a1ab52a65af34e5dc3c78e0209fed803814484fcb\windows-amd64\native-platform-file-events.dll
0x00007ffaed4a0000 - 0x00007ffaed4aa000 	C:\Program Files\Android\Android Studio\jre\bin\management.dll
0x00007ffaed3e0000 - 0x00007ffaed3ed000 	C:\Program Files\Android\Android Studio\jre\bin\management_ext.dll
0x00007ffafd220000 - 0x00007ffafd238000 	C:\WINDOWS\SYSTEM32\CRYPTSP.dll
0x00007ffafcb00000 - 0x00007ffafcb35000 	C:\WINDOWS\system32\rsaenh.dll
0x00007ffafd0c0000 - 0x00007ffafd0e9000 	C:\WINDOWS\SYSTEM32\USERENV.dll
0x00007ffafd390000 - 0x00007ffafd3b7000 	C:\WINDOWS\SYSTEM32\bcrypt.dll
0x00007ffafd210000 - 0x00007ffafd21c000 	C:\WINDOWS\SYSTEM32\CRYPTBASE.dll
0x00007ffafc6d0000 - 0x00007ffafc6fd000 	C:\WINDOWS\SYSTEM32\IPHLPAPI.DLL
0x00007ffaff4e0000 - 0x00007ffaff4e9000 	C:\WINDOWS\System32\NSI.dll
0x00007ffaf7100000 - 0x00007ffaf7119000 	C:\WINDOWS\SYSTEM32\dhcpcsvc6.DLL
0x00007ffaf88c0000 - 0x00007ffaf88de000 	C:\WINDOWS\SYSTEM32\dhcpcsvc.DLL
0x00007ffafc700000 - 0x00007ffafc7e8000 	C:\WINDOWS\SYSTEM32\DNSAPI.dll
0x00007ffaf9110000 - 0x00007ffaf912e000 	C:\Users\villa\AppData\Local\Temp\native-platform12368381973321308129dir\native-platform.dll
0x00007ffafa8a0000 - 0x00007ffafa8a8000 	C:\Program Files\Android\Android Studio\jre\bin\rmi.dll
0x00007ffa85740000 - 0x00007ffa858e5000 	C:\Program Files\Android\Android Studio\jre\bin\awt.dll
0x00007ffafec20000 - 0x00007ffafecf6000 	C:\WINDOWS\System32\OLEAUT32.dll
0x00007ffafb210000 - 0x00007ffafb23f000 	C:\WINDOWS\SYSTEM32\dwmapi.dll
0x00007ffafa8b0000 - 0x00007ffafa941000 	C:\WINDOWS\SYSTEM32\apphelp.dll
0x00007ffafaaf0000 - 0x00007ffafab9c000 	C:\WINDOWS\system32\uxtheme.dll
0x00007ffafafc0000 - 0x00007ffafaff4000 	C:\WINDOWS\SYSTEM32\ntmarta.dll

dbghelp: loaded successfully - version: 4.0.5 - missing functions: none
symbol engine: initialized successfully - sym options: 0x614 - pdb path: .;C:\Program Files\Android\Android Studio\jre\bin;C:\WINDOWS\SYSTEM32;C:\WINDOWS\WinSxS\amd64_microsoft.windows.common-controls_6595b64144ccf1df_6.0.22000.120_none_9d947278b86cc467;C:\Program Files\Android\Android Studio\jre\bin\server;C:\Users\villa\.gradle\native\e1d6ef7f7dcc3fd88c89a11ec53ec762bb8ba0a96d01ffa2cd45eb1d1d8dd5c5\windows-amd64;C:\Users\villa\.gradle\native\5664cfc778a61ccfe75a443a1ab52a65af34e5dc3c78e0209fed803814484fcb\windows-amd64;C:\Users\villa\AppData\Local\Temp\native-platform12368381973321308129dir

VM Arguments:
jvm_args: --add-opens=java.base/java.util=ALL-UNNAMED --add-opens=java.base/java.lang=ALL-UNNAMED --add-opens=java.base/java.lang.invoke=ALL-UNNAMED --add-opens=java.base/java.util=ALL-UNNAMED --add-opens=java.prefs/java.util.prefs=ALL-UNNAMED --add-opens=java.prefs/java.util.prefs=ALL-UNNAMED --add-opens=java.base/java.nio.charset=ALL-UNNAMED --add-opens=java.base/java.net=ALL-UNNAMED --add-opens=java.base/java.util.concurrent.atomic=ALL-UNNAMED -Xmx2048m -Dfile.encoding=UTF-8 -Duser.country=US -Duser.language=en -Duser.variant 
java_command: org.gradle.launcher.daemon.bootstrap.GradleDaemon 7.3.3
java_class_path (initial): C:\Users\villa\.gradle\wrapper\dists\gradle-7.3.3-bin\6a41zxkdtcxs8rphpq6y0069z\gradle-7.3.3\lib\gradle-launcher-7.3.3.jar
Launcher Type: SUN_STANDARD

[Global flags]
     intx CICompilerCount                          = 3                                         {product} {ergonomic}
     uint ConcGCThreads                            = 1                                         {product} {ergonomic}
     uint G1ConcRefinementThreads                  = 4                                         {product} {ergonomic}
   size_t G1HeapRegionSize                         = 1048576                                   {product} {ergonomic}
    uintx GCDrainStackTargetSize                   = 64                                        {product} {ergonomic}
   size_t InitialHeapSize                          = 134217728                                 {product} {ergonomic}
   size_t MarkStackSize                            = 4194304                                   {product} {ergonomic}
   size_t MaxHeapSize                              = 2147483648                                {product} {command line}
   size_t MaxNewSize                               = 1287651328                                {product} {ergonomic}
   size_t MinHeapDeltaBytes                        = 1048576                                   {product} {ergonomic}
    uintx NonNMethodCodeHeapSize                   = 5830732                                {pd product} {ergonomic}
    uintx NonProfiledCodeHeapSize                  = 122913754                              {pd product} {ergonomic}
    uintx ProfiledCodeHeapSize                     = 122913754                              {pd product} {ergonomic}
    uintx ReservedCodeCacheSize                    = 251658240                              {pd product} {ergonomic}
     bool SegmentedCodeCache                       = true                                      {product} {ergonomic}
     bool UseCompressedClassPointers               = true                                 {lp64_product} {ergonomic}
     bool UseCompressedOops                        = true                                 {lp64_product} {ergonomic}
     bool UseG1GC                                  = true                                      {product} {ergonomic}
     bool UseLargePagesIndividualAllocation        = false                                  {pd product} {ergonomic}

Logging:
Log output configuration:
 #0: stdout all=warning uptime,level,tags
 #1: stderr all=off uptime,level,tags

Environment Variables:
PATH=C:\Program Files\Common Files\Oracle\Java\javapath;C:\WINDOWS\system32;C:\WINDOWS;C:\WINDOWS\System32\Wbem;C:\WINDOWS\System32\WindowsPowerShell\v1.0\;C:\WINDOWS\System32\OpenSSH\;C:\Program Files\Git\cmd;C:\Program Files\Java\jdk-11.0.11\bin;;C:\Program Files\PostgreSQL\14\bin;C:\gradle\7.4\bin;C:\Users\villa\AppData\Local\Microsoft\WindowsApps;C:\Users\villa\AppData\Local\Programs\Microsoft Visual Studio Code\bin;C:\MinGW\bin;C:\Program Files\JetBrains\IntelliJ IDEA 2021.1.3\bin;;C:\Program Files\JetBrains\IntelliJ IDEA Community Edition 2021.1.3\bin;;C:\flutter\bin;;C:\Program Files\heroku\bin;C:\Users\villa\AppData\Local\Android\Sdk\platform-tools;
USERNAME=villa
OS=Windows_NT
PROCESSOR_IDENTIFIER=Intel64 Family 6 Model 142 Stepping 9, GenuineIntel



---------------  S Y S T E M  ---------------

OS: Windows 10 , 64 bit Build 22000 (10.0.22000.675)
OS uptime: 4 days 3:04 hours

CPU:total 4 (initial active 4) (2 cores per cpu, 2 threads per core) family 6 model 142 stepping 9 microcode 0xde, cmov, cx8, fxsr, mmx, sse, sse2, sse3, ssse3, sse4.1, sse4.2, popcnt, avx, avx2, aes, clmul, erms, 3dnowpref, lzcnt, ht, tsc, tscinvbit, bmi1, bmi2, adx, fma

Memory: 4k page, system-wide physical 8078M (310M free)
TotalPageFile size 22282M (AvailPageFile size 69M)
current process WorkingSet (physical memory assigned to process): 617M, peak: 624M
current process commit charge ("private bytes"): 781M, peak: 940M

vm_info: OpenJDK 64-Bit Server VM (11.0.12+7-b1504.28-7817840) for windows-amd64 JRE (11.0.12+7-b1504.28-7817840), built on Oct 13 2021 22:12:33 by "builder" with MS VC++ 14.0 (VS2015)

END.
